{"/Users/marcusnorman/Personal/pythonBeer/client/app.vue": {"path":"/Users/marcusnorman/Personal/pythonBeer/client/app.vue","all":true,"statementMap":{"1":{"start":{"line":2,"column":0},"end":{"line":2,"column":21}},"2":{"start":{"line":3,"column":0},"end":{"line":3,"column":9}},"3":{"start":{"line":4,"column":0},"end":{"line":4,"column":9}},"4":{"start":{"line":5,"column":0},"end":{"line":5,"column":5}},"5":{"start":{"line":6,"column":0},"end":{"line":6,"column":24}},"6":{"start":{"line":7,"column":0},"end":{"line":7,"column":42}},"7":{"start":{"line":8,"column":0},"end":{"line":8,"column":6}},"8":{"start":{"line":9,"column":0},"end":{"line":9,"column":5}},"9":{"start":{"line":10,"column":0},"end":{"line":10,"column":24}},"10":{"start":{"line":11,"column":0},"end":{"line":11,"column":89}},"11":{"start":{"line":12,"column":0},"end":{"line":12,"column":21}},"12":{"start":{"line":13,"column":0},"end":{"line":13,"column":5}},"13":{"start":{"line":14,"column":0},"end":{"line":14,"column":3}},"14":{"start":{"line":15,"column":0},"end":{"line":15,"column":2}},"18":{"start":{"line":19,"column":0},"end":{"line":19,"column":7}},"19":{"start":{"line":20,"column":0},"end":{"line":20,"column":16}},"20":{"start":{"line":21,"column":0},"end":{"line":21,"column":18}},"21":{"start":{"line":22,"column":0},"end":{"line":22,"column":17}},"22":{"start":{"line":23,"column":0},"end":{"line":23,"column":8}}},"s":{"1":0,"2":0,"3":0,"4":0,"5":0,"6":0,"7":0,"8":0,"9":0,"10":0,"11":0,"12":0,"13":0,"14":0,"18":0,"19":0,"20":0,"21":0,"22":0},"branchMap":{"0":{"type":"branch","line":1,"loc":{"start":{"line":1,"column":408},"end":{"line":24,"column":11}},"locations":[{"start":{"line":1,"column":408},"end":{"line":24,"column":11}}]}},"b":{"0":[1]},"fnMap":{"0":{"name":"(empty-report)","decl":{"start":{"line":1,"column":408},"end":{"line":24,"column":11}},"loc":{"start":{"line":1,"column":408},"end":{"line":24,"column":11}},"line":1}},"f":{"0":1}}
,"/Users/marcusnorman/Personal/pythonBeer/client/beerservice.ts": {"path":"/Users/marcusnorman/Personal/pythonBeer/client/beerservice.ts","all":true,"statementMap":{},"s":{},"branchMap":{"0":{"type":"branch","line":1,"loc":{"start":{"line":1,"column":0},"end":{"line":1,"column":0}},"locations":[{"start":{"line":1,"column":0},"end":{"line":1,"column":0}}]}},"b":{"0":[1]},"fnMap":{"0":{"name":"(empty-report)","decl":{"start":{"line":1,"column":0},"end":{"line":1,"column":0}},"loc":{"start":{"line":1,"column":0},"end":{"line":1,"column":0}},"line":1}},"f":{"0":1}}
,"/Users/marcusnorman/Personal/pythonBeer/client/nuxt.config.ts": {"path":"/Users/marcusnorman/Personal/pythonBeer/client/nuxt.config.ts","all":true,"statementMap":{"1":{"start":{"line":2,"column":0},"end":{"line":2,"column":33}},"2":{"start":{"line":3,"column":0},"end":{"line":3,"column":34}},"3":{"start":{"line":4,"column":0},"end":{"line":4,"column":30}},"4":{"start":{"line":5,"column":0},"end":{"line":5,"column":34}},"5":{"start":{"line":6,"column":0},"end":{"line":6,"column":2}}},"s":{"1":0,"2":0,"3":0,"4":0,"5":0},"branchMap":{"0":{"type":"branch","line":1,"loc":{"start":{"line":1,"column":192},"end":{"line":6,"column":2}},"locations":[{"start":{"line":1,"column":192},"end":{"line":6,"column":2}}]}},"b":{"0":[1]},"fnMap":{"0":{"name":"(empty-report)","decl":{"start":{"line":1,"column":192},"end":{"line":6,"column":2}},"loc":{"start":{"line":1,"column":192},"end":{"line":6,"column":2}},"line":1}},"f":{"0":1}}
,"/Users/marcusnorman/Personal/pythonBeer/client/components/beerCard.vue": {"path":"/Users/marcusnorman/Personal/pythonBeer/client/components/beerCard.vue","all":false,"statementMap":{"1":{"start":{"line":2,"column":0},"end":{"line":2,"column":46}},"2":{"start":{"line":3,"column":0},"end":{"line":3,"column":31}},"4":{"start":{"line":5,"column":0},"end":{"line":5,"column":37}},"6":{"start":{"line":7,"column":0},"end":{"line":7,"column":27}},"11":{"start":{"line":12,"column":0},"end":{"line":12,"column":70}},"13":{"start":{"line":14,"column":0},"end":{"line":14,"column":60}},"14":{"start":{"line":15,"column":0},"end":{"line":15,"column":70}},"15":{"start":{"line":16,"column":0},"end":{"line":16,"column":60}},"16":{"start":{"line":17,"column":0},"end":{"line":17,"column":69}},"17":{"start":{"line":18,"column":0},"end":{"line":18,"column":68}},"21":{"start":{"line":22,"column":0},"end":{"line":22,"column":144}},"22":{"start":{"line":23,"column":0},"end":{"line":23,"column":26}},"23":{"start":{"line":24,"column":0},"end":{"line":24,"column":45}},"24":{"start":{"line":25,"column":0},"end":{"line":25,"column":29}},"25":{"start":{"line":26,"column":0},"end":{"line":26,"column":12}},"26":{"start":{"line":27,"column":0},"end":{"line":27,"column":35}},"27":{"start":{"line":28,"column":0},"end":{"line":28,"column":32}},"28":{"start":{"line":29,"column":0},"end":{"line":29,"column":12}},"29":{"start":{"line":30,"column":0},"end":{"line":30,"column":32}},"30":{"start":{"line":31,"column":0},"end":{"line":31,"column":29}},"31":{"start":{"line":32,"column":0},"end":{"line":32,"column":12}},"32":{"start":{"line":33,"column":0},"end":{"line":33,"column":39}},"33":{"start":{"line":34,"column":0},"end":{"line":34,"column":36}},"34":{"start":{"line":35,"column":0},"end":{"line":35,"column":12}},"35":{"start":{"line":36,"column":0},"end":{"line":36,"column":9}},"36":{"start":{"line":37,"column":0},"end":{"line":37,"column":43}},"37":{"start":{"line":38,"column":0},"end":{"line":38,"column":84}},"38":{"start":{"line":39,"column":0},"end":{"line":39,"column":50}},"39":{"start":{"line":40,"column":0},"end":{"line":40,"column":60}},"40":{"start":{"line":41,"column":0},"end":{"line":41,"column":50}},"41":{"start":{"line":42,"column":0},"end":{"line":42,"column":59}},"42":{"start":{"line":43,"column":0},"end":{"line":43,"column":58}},"43":{"start":{"line":44,"column":0},"end":{"line":44,"column":10}},"44":{"start":{"line":45,"column":0},"end":{"line":45,"column":74}},"45":{"start":{"line":46,"column":0},"end":{"line":46,"column":111}},"46":{"start":{"line":47,"column":0},"end":{"line":47,"column":123}},"47":{"start":{"line":48,"column":0},"end":{"line":48,"column":132}},"48":{"start":{"line":49,"column":0},"end":{"line":49,"column":9}},"49":{"start":{"line":50,"column":0},"end":{"line":50,"column":9}},"50":{"start":{"line":51,"column":0},"end":{"line":51,"column":8}}},"s":{"1":1,"2":1,"4":1,"6":1,"11":1,"13":1,"14":1,"15":1,"16":1,"17":1,"21":1,"22":1,"23":1,"24":1,"25":1,"26":1,"27":1,"28":1,"29":1,"30":1,"31":1,"32":1,"33":1,"34":1,"35":1,"36":1,"37":1,"38":1,"39":1,"40":1,"41":1,"42":1,"43":1,"44":1,"45":1,"46":1,"47":1,"48":1,"49":1,"50":1},"branchMap":{"0":{"type":"branch","line":14,"loc":{"start":{"line":14,"column":23},"end":{"line":14,"column":58}},"locations":[{"start":{"line":14,"column":23},"end":{"line":14,"column":58}}]},"1":{"type":"branch","line":14,"loc":{"start":{"line":14,"column":40},"end":{"line":14,"column":58}},"locations":[{"start":{"line":14,"column":40},"end":{"line":14,"column":58}}]},"2":{"type":"branch","line":15,"loc":{"start":{"line":15,"column":28},"end":{"line":15,"column":68}},"locations":[{"start":{"line":15,"column":28},"end":{"line":15,"column":68}}]},"3":{"type":"branch","line":15,"loc":{"start":{"line":15,"column":45},"end":{"line":15,"column":68}},"locations":[{"start":{"line":15,"column":45},"end":{"line":15,"column":68}}]},"4":{"type":"branch","line":16,"loc":{"start":{"line":16,"column":23},"end":{"line":16,"column":58}},"locations":[{"start":{"line":16,"column":23},"end":{"line":16,"column":58}}]},"5":{"type":"branch","line":16,"loc":{"start":{"line":16,"column":40},"end":{"line":16,"column":58}},"locations":[{"start":{"line":16,"column":40},"end":{"line":16,"column":58}}]},"6":{"type":"branch","line":17,"loc":{"start":{"line":17,"column":31},"end":{"line":17,"column":67}},"locations":[{"start":{"line":17,"column":31},"end":{"line":17,"column":67}}]},"7":{"type":"branch","line":17,"loc":{"start":{"line":17,"column":48},"end":{"line":17,"column":67}},"locations":[{"start":{"line":17,"column":48},"end":{"line":17,"column":67}}]},"8":{"type":"branch","line":18,"loc":{"start":{"line":18,"column":31},"end":{"line":18,"column":66}},"locations":[{"start":{"line":18,"column":31},"end":{"line":18,"column":66}}]},"9":{"type":"branch","line":18,"loc":{"start":{"line":18,"column":48},"end":{"line":18,"column":66}},"locations":[{"start":{"line":18,"column":48},"end":{"line":18,"column":66}}]},"10":{"type":"branch","line":46,"loc":{"start":{"line":46,"column":93},"end":{"line":46,"column":111}},"locations":[{"start":{"line":46,"column":93},"end":{"line":46,"column":111}}]},"11":{"type":"branch","line":47,"loc":{"start":{"line":47,"column":20},"end":{"line":47,"column":58}},"locations":[{"start":{"line":47,"column":20},"end":{"line":47,"column":58}}]},"12":{"type":"branch","line":47,"loc":{"start":{"line":47,"column":102},"end":{"line":47,"column":123}},"locations":[{"start":{"line":47,"column":102},"end":{"line":47,"column":123}}]},"13":{"type":"branch","line":48,"loc":{"start":{"line":48,"column":20},"end":{"line":48,"column":55}},"locations":[{"start":{"line":48,"column":20},"end":{"line":48,"column":55}}]},"14":{"type":"branch","line":48,"loc":{"start":{"line":48,"column":113},"end":{"line":48,"column":132}},"locations":[{"start":{"line":48,"column":113},"end":{"line":48,"column":132}}]}},"b":{"0":[5],"1":[0],"2":[5],"3":[0],"4":[5],"5":[0],"6":[5],"7":[0],"8":[5],"9":[0],"10":[4],"11":[1],"12":[4],"13":[1],"14":[4]},"fnMap":{"0":{"name":"$setup.props.buttonsAvailable.onClick._cache.<computed>._cache.<computed>","decl":{"start":{"line":46,"column":25},"end":{"line":46,"column":59}},"loc":{"start":{"line":46,"column":25},"end":{"line":46,"column":59}},"line":46},"1":{"name":"$setup.props.buttonsAvailable.onClick._cache.<computed>._cache.<computed>","decl":{"start":{"line":47,"column":20},"end":{"line":47,"column":58}},"loc":{"start":{"line":47,"column":20},"end":{"line":47,"column":58}},"line":47},"2":{"name":"$setup.props.buttonsAvailable.onClick._cache.<computed>._cache.<computed>","decl":{"start":{"line":48,"column":20},"end":{"line":48,"column":55}},"loc":{"start":{"line":48,"column":20},"end":{"line":48,"column":55}},"line":48}},"f":{"0":0,"1":1,"2":1}}
,"/Users/marcusnorman/Personal/pythonBeer/client/components/event.vue": {"path":"/Users/marcusnorman/Personal/pythonBeer/client/components/event.vue","all":false,"statementMap":{"2":{"start":{"line":3,"column":0},"end":{"line":3,"column":61}},"4":{"start":{"line":5,"column":0},"end":{"line":5,"column":27}},"8":{"start":{"line":9,"column":0},"end":{"line":9,"column":32}},"9":{"start":{"line":10,"column":0},"end":{"line":10,"column":43}},"10":{"start":{"line":11,"column":0},"end":{"line":11,"column":47}},"11":{"start":{"line":12,"column":0},"end":{"line":12,"column":36}},"12":{"start":{"line":13,"column":0},"end":{"line":13,"column":29}},"14":{"start":{"line":15,"column":0},"end":{"line":15,"column":12}},"15":{"start":{"line":16,"column":0},"end":{"line":16,"column":86}},"16":{"start":{"line":17,"column":0},"end":{"line":17,"column":1}},"18":{"start":{"line":19,"column":0},"end":{"line":19,"column":23}},"19":{"start":{"line":20,"column":0},"end":{"line":20,"column":87}},"20":{"start":{"line":21,"column":0},"end":{"line":21,"column":46}},"21":{"start":{"line":22,"column":0},"end":{"line":22,"column":44}},"22":{"start":{"line":23,"column":0},"end":{"line":23,"column":3}},"23":{"start":{"line":24,"column":0},"end":{"line":24,"column":3}},"25":{"start":{"line":26,"column":0},"end":{"line":26,"column":41}},"26":{"start":{"line":27,"column":0},"end":{"line":27,"column":40}},"27":{"start":{"line":28,"column":0},"end":{"line":28,"column":42}},"28":{"start":{"line":29,"column":0},"end":{"line":29,"column":42}},"29":{"start":{"line":30,"column":0},"end":{"line":30,"column":12}},"30":{"start":{"line":31,"column":0},"end":{"line":31,"column":2}},"34":{"start":{"line":35,"column":0},"end":{"line":35,"column":230}},"35":{"start":{"line":36,"column":0},"end":{"line":36,"column":26}},"36":{"start":{"line":37,"column":0},"end":{"line":37,"column":50}},"37":{"start":{"line":38,"column":0},"end":{"line":38,"column":26}},"38":{"start":{"line":39,"column":0},"end":{"line":39,"column":27}},"39":{"start":{"line":40,"column":0},"end":{"line":40,"column":14}},"40":{"start":{"line":41,"column":0},"end":{"line":41,"column":106}},"41":{"start":{"line":42,"column":0},"end":{"line":42,"column":28}},"42":{"start":{"line":43,"column":0},"end":{"line":43,"column":14}},"43":{"start":{"line":44,"column":0},"end":{"line":44,"column":12}},"44":{"start":{"line":45,"column":0},"end":{"line":45,"column":38}},"45":{"start":{"line":46,"column":0},"end":{"line":46,"column":24}},"46":{"start":{"line":47,"column":0},"end":{"line":47,"column":12}},"47":{"start":{"line":48,"column":0},"end":{"line":48,"column":39}},"48":{"start":{"line":49,"column":0},"end":{"line":49,"column":31}},"49":{"start":{"line":50,"column":0},"end":{"line":50,"column":12}},"50":{"start":{"line":51,"column":0},"end":{"line":51,"column":10}},"51":{"start":{"line":52,"column":0},"end":{"line":52,"column":75}},"52":{"start":{"line":53,"column":0},"end":{"line":53,"column":112}},"53":{"start":{"line":54,"column":0},"end":{"line":54,"column":67}},"54":{"start":{"line":55,"column":0},"end":{"line":55,"column":24}},"55":{"start":{"line":56,"column":0},"end":{"line":56,"column":12}},"56":{"start":{"line":57,"column":0},"end":{"line":57,"column":10}},"57":{"start":{"line":58,"column":0},"end":{"line":58,"column":13}}},"s":{"2":1,"4":1,"8":1,"9":1,"10":1,"11":1,"12":1,"14":1,"15":1,"16":1,"18":1,"19":4,"20":4,"21":4,"22":4,"23":1,"25":1,"26":12,"27":12,"28":4,"29":0,"30":12,"34":1,"35":1,"36":1,"37":1,"38":1,"39":1,"40":1,"41":1,"42":1,"43":1,"44":1,"45":1,"46":1,"47":1,"48":1,"49":1,"50":1,"51":1,"52":1,"53":1,"54":1,"55":1,"56":1,"57":1},"branchMap":{"0":{"type":"branch","line":9,"loc":{"start":{"line":9,"column":20},"end":{"line":9,"column":32}},"locations":[{"start":{"line":9,"column":20},"end":{"line":9,"column":32}}]},"1":{"type":"branch","line":16,"loc":{"start":{"line":16,"column":63},"end":{"line":16,"column":77}},"locations":[{"start":{"line":16,"column":63},"end":{"line":16,"column":77}}]},"2":{"type":"branch","line":16,"loc":{"start":{"line":16,"column":67},"end":{"line":16,"column":86}},"locations":[{"start":{"line":16,"column":67},"end":{"line":16,"column":86}}]},"3":{"type":"branch","line":19,"loc":{"start":{"line":19,"column":10},"end":{"line":24,"column":1}},"locations":[{"start":{"line":19,"column":10},"end":{"line":24,"column":1}}]},"4":{"type":"branch","line":26,"loc":{"start":{"line":26,"column":18},"end":{"line":31,"column":2}},"locations":[{"start":{"line":26,"column":18},"end":{"line":31,"column":2}}]},"5":{"type":"branch","line":27,"loc":{"start":{"line":27,"column":22},"end":{"line":27,"column":40}},"locations":[{"start":{"line":27,"column":22},"end":{"line":27,"column":40}}]},"6":{"type":"branch","line":27,"loc":{"start":{"line":27,"column":29},"end":{"line":28,"column":29}},"locations":[{"start":{"line":27,"column":29},"end":{"line":28,"column":29}}]},"7":{"type":"branch","line":28,"loc":{"start":{"line":28,"column":22},"end":{"line":29,"column":42}},"locations":[{"start":{"line":28,"column":22},"end":{"line":29,"column":42}}]},"8":{"type":"branch","line":29,"loc":{"start":{"line":29,"column":29},"end":{"line":30,"column":12}},"locations":[{"start":{"line":29,"column":29},"end":{"line":30,"column":12}}]}},"b":{"0":[0],"1":[1],"2":[3],"3":[4],"4":[12],"5":[4],"6":[8],"7":[4],"8":[0]},"fnMap":{"0":{"name":"getTrophy","decl":{"start":{"line":26,"column":18},"end":{"line":31,"column":2}},"loc":{"start":{"line":26,"column":18},"end":{"line":31,"column":2}},"line":26}},"f":{"0":12}}
,"/Users/marcusnorman/Personal/pythonBeer/client/components/ratingCircle.vue": {"path":"/Users/marcusnorman/Personal/pythonBeer/client/components/ratingCircle.vue","all":false,"statementMap":{"1":{"start":{"line":2,"column":0},"end":{"line":2,"column":27}},"8":{"start":{"line":9,"column":0},"end":{"line":9,"column":40}},"9":{"start":{"line":10,"column":0},"end":{"line":10,"column":46}},"10":{"start":{"line":11,"column":0},"end":{"line":11,"column":22}},"11":{"start":{"line":12,"column":0},"end":{"line":12,"column":10}},"12":{"start":{"line":13,"column":0},"end":{"line":13,"column":71}},"13":{"start":{"line":14,"column":0},"end":{"line":14,"column":53}},"14":{"start":{"line":15,"column":0},"end":{"line":15,"column":13}},"15":{"start":{"line":16,"column":0},"end":{"line":16,"column":27}},"16":{"start":{"line":17,"column":0},"end":{"line":17,"column":23}},"19":{"start":{"line":20,"column":0},"end":{"line":20,"column":10}},"20":{"start":{"line":21,"column":0},"end":{"line":21,"column":13}},"21":{"start":{"line":22,"column":0},"end":{"line":22,"column":24}},"22":{"start":{"line":23,"column":0},"end":{"line":23,"column":57}},"23":{"start":{"line":24,"column":0},"end":{"line":24,"column":23}},"26":{"start":{"line":27,"column":0},"end":{"line":27,"column":10}},"27":{"start":{"line":28,"column":0},"end":{"line":28,"column":75}},"28":{"start":{"line":29,"column":0},"end":{"line":29,"column":12}},"29":{"start":{"line":30,"column":0},"end":{"line":30,"column":10}},"30":{"start":{"line":31,"column":0},"end":{"line":31,"column":8}}},"s":{"1":1,"8":1,"9":1,"10":1,"11":1,"12":1,"13":1,"14":1,"15":1,"16":1,"19":1,"20":1,"21":1,"22":1,"23":1,"26":1,"27":1,"28":1,"29":1,"30":1},"branchMap":{},"b":{},"fnMap":{},"f":{}}
,"/Users/marcusnorman/Personal/pythonBeer/client/components/modals/addBeerModal.vue": {"path":"/Users/marcusnorman/Personal/pythonBeer/client/components/modals/addBeerModal.vue","all":false,"statementMap":{"1":{"start":{"line":2,"column":0},"end":{"line":2,"column":26}},"2":{"start":{"line":3,"column":0},"end":{"line":3,"column":28}},"4":{"start":{"line":5,"column":0},"end":{"line":5,"column":61}},"5":{"start":{"line":6,"column":0},"end":{"line":6,"column":48}},"7":{"start":{"line":8,"column":0},"end":{"line":8,"column":25}},"8":{"start":{"line":9,"column":0},"end":{"line":9,"column":39}},"9":{"start":{"line":10,"column":0},"end":{"line":10,"column":68}},"11":{"start":{"line":12,"column":0},"end":{"line":12,"column":33}},"12":{"start":{"line":13,"column":0},"end":{"line":13,"column":40}},"13":{"start":{"line":14,"column":0},"end":{"line":14,"column":36}},"14":{"start":{"line":15,"column":0},"end":{"line":15,"column":33}},"16":{"start":{"line":17,"column":0},"end":{"line":17,"column":38}},"17":{"start":{"line":18,"column":0},"end":{"line":18,"column":46}},"18":{"start":{"line":19,"column":0},"end":{"line":19,"column":35}},"19":{"start":{"line":20,"column":0},"end":{"line":20,"column":41}},"20":{"start":{"line":21,"column":0},"end":{"line":21,"column":39}},"22":{"start":{"line":23,"column":0},"end":{"line":23,"column":42}},"23":{"start":{"line":24,"column":0},"end":{"line":24,"column":23}},"24":{"start":{"line":25,"column":0},"end":{"line":25,"column":29}},"25":{"start":{"line":26,"column":0},"end":{"line":26,"column":31}},"26":{"start":{"line":27,"column":0},"end":{"line":27,"column":11}},"27":{"start":{"line":28,"column":0},"end":{"line":28,"column":3}},"28":{"start":{"line":29,"column":0},"end":{"line":29,"column":86}},"30":{"start":{"line":31,"column":0},"end":{"line":31,"column":60}},"31":{"start":{"line":32,"column":0},"end":{"line":32,"column":54}},"32":{"start":{"line":33,"column":0},"end":{"line":33,"column":3}},"34":{"start":{"line":35,"column":0},"end":{"line":35,"column":27}},"35":{"start":{"line":36,"column":0},"end":{"line":36,"column":16}},"36":{"start":{"line":37,"column":0},"end":{"line":37,"column":22}},"37":{"start":{"line":38,"column":0},"end":{"line":38,"column":29}},"38":{"start":{"line":39,"column":0},"end":{"line":39,"column":25}},"39":{"start":{"line":40,"column":0},"end":{"line":40,"column":22}},"40":{"start":{"line":41,"column":0},"end":{"line":41,"column":30}},"41":{"start":{"line":42,"column":0},"end":{"line":42,"column":24}},"42":{"start":{"line":43,"column":0},"end":{"line":43,"column":29}},"43":{"start":{"line":44,"column":0},"end":{"line":44,"column":27}},"44":{"start":{"line":45,"column":0},"end":{"line":45,"column":2}},"46":{"start":{"line":47,"column":0},"end":{"line":47,"column":30}},"47":{"start":{"line":48,"column":0},"end":{"line":48,"column":7}},"48":{"start":{"line":49,"column":0},"end":{"line":49,"column":93}},"49":{"start":{"line":50,"column":0},"end":{"line":50,"column":68}},"50":{"start":{"line":51,"column":0},"end":{"line":51,"column":69}},"51":{"start":{"line":52,"column":0},"end":{"line":52,"column":13}},"52":{"start":{"line":53,"column":0},"end":{"line":53,"column":5}},"54":{"start":{"line":55,"column":0},"end":{"line":55,"column":70}},"55":{"start":{"line":56,"column":0},"end":{"line":56,"column":27}},"56":{"start":{"line":57,"column":0},"end":{"line":57,"column":41}},"57":{"start":{"line":58,"column":0},"end":{"line":58,"column":33}},"58":{"start":{"line":59,"column":0},"end":{"line":59,"column":26}},"59":{"start":{"line":60,"column":0},"end":{"line":60,"column":7}},"61":{"start":{"line":62,"column":0},"end":{"line":62,"column":54}},"62":{"start":{"line":63,"column":0},"end":{"line":63,"column":45}},"63":{"start":{"line":64,"column":0},"end":{"line":64,"column":64}},"64":{"start":{"line":65,"column":0},"end":{"line":65,"column":13}},"65":{"start":{"line":66,"column":0},"end":{"line":66,"column":5}},"67":{"start":{"line":68,"column":0},"end":{"line":68,"column":67}},"68":{"start":{"line":69,"column":0},"end":{"line":69,"column":113}},"70":{"start":{"line":71,"column":0},"end":{"line":71,"column":34}},"71":{"start":{"line":72,"column":0},"end":{"line":72,"column":42}},"72":{"start":{"line":73,"column":0},"end":{"line":73,"column":5}},"73":{"start":{"line":74,"column":0},"end":{"line":74,"column":19}},"74":{"start":{"line":75,"column":0},"end":{"line":75,"column":73}},"75":{"start":{"line":76,"column":0},"end":{"line":76,"column":59}},"76":{"start":{"line":77,"column":0},"end":{"line":77,"column":3}},"78":{"start":{"line":79,"column":0},"end":{"line":79,"column":16}},"79":{"start":{"line":80,"column":0},"end":{"line":80,"column":2}},"81":{"start":{"line":82,"column":0},"end":{"line":82,"column":58}},"82":{"start":{"line":83,"column":0},"end":{"line":83,"column":41}},"83":{"start":{"line":84,"column":0},"end":{"line":84,"column":101}},"85":{"start":{"line":86,"column":0},"end":{"line":86,"column":32}},"86":{"start":{"line":87,"column":0},"end":{"line":87,"column":39}},"87":{"start":{"line":88,"column":0},"end":{"line":88,"column":10}},"88":{"start":{"line":89,"column":0},"end":{"line":89,"column":3}},"89":{"start":{"line":90,"column":0},"end":{"line":90,"column":16}},"90":{"start":{"line":91,"column":0},"end":{"line":91,"column":2}},"94":{"start":{"line":95,"column":0},"end":{"line":95,"column":90}},"95":{"start":{"line":96,"column":0},"end":{"line":96,"column":95}},"96":{"start":{"line":97,"column":0},"end":{"line":97,"column":92}},"97":{"start":{"line":98,"column":0},"end":{"line":98,"column":53}},"99":{"start":{"line":100,"column":0},"end":{"line":100,"column":33}},"100":{"start":{"line":101,"column":0},"end":{"line":101,"column":61}},"101":{"start":{"line":102,"column":0},"end":{"line":102,"column":227}},"102":{"start":{"line":103,"column":0},"end":{"line":103,"column":123}},"103":{"start":{"line":104,"column":0},"end":{"line":104,"column":183}},"104":{"start":{"line":105,"column":0},"end":{"line":105,"column":13}},"105":{"start":{"line":106,"column":0},"end":{"line":106,"column":12}},"107":{"start":{"line":108,"column":0},"end":{"line":108,"column":11}},"108":{"start":{"line":109,"column":0},"end":{"line":109,"column":56}},"109":{"start":{"line":110,"column":0},"end":{"line":110,"column":46}},"110":{"start":{"line":111,"column":0},"end":{"line":111,"column":103}},"111":{"start":{"line":112,"column":0},"end":{"line":112,"column":53}},"112":{"start":{"line":113,"column":0},"end":{"line":113,"column":119}},"113":{"start":{"line":114,"column":0},"end":{"line":114,"column":49}},"114":{"start":{"line":115,"column":0},"end":{"line":115,"column":107}},"115":{"start":{"line":116,"column":0},"end":{"line":116,"column":46}},"116":{"start":{"line":117,"column":0},"end":{"line":117,"column":98}},"117":{"start":{"line":118,"column":0},"end":{"line":118,"column":112}},"118":{"start":{"line":119,"column":0},"end":{"line":119,"column":12}},"120":{"start":{"line":121,"column":0},"end":{"line":121,"column":67}},"121":{"start":{"line":122,"column":0},"end":{"line":122,"column":10}},"122":{"start":{"line":123,"column":0},"end":{"line":123,"column":8}}},"s":{"1":1,"2":1,"4":1,"5":1,"7":1,"8":1,"9":1,"11":1,"12":1,"13":1,"14":1,"16":1,"17":1,"18":1,"19":1,"20":1,"22":1,"23":0,"24":0,"25":0,"26":0,"27":0,"28":0,"30":0,"31":0,"32":1,"34":1,"35":3,"36":3,"37":3,"38":3,"39":3,"40":3,"41":3,"42":3,"43":3,"44":3,"46":1,"47":5,"48":5,"49":2,"50":2,"51":2,"52":2,"54":3,"55":3,"56":3,"57":3,"58":3,"59":3,"61":5,"62":1,"63":1,"64":1,"65":1,"67":2,"68":2,"70":5,"71":1,"72":1,"73":5,"74":0,"75":0,"76":0,"78":2,"79":5,"81":1,"82":1,"83":1,"85":1,"86":0,"87":0,"88":0,"89":1,"90":1,"94":1,"95":1,"96":1,"97":1,"99":1,"100":1,"101":1,"102":1,"103":1,"104":1,"105":1,"107":1,"108":1,"109":13,"110":1,"111":1,"112":1,"113":1,"114":1,"115":1,"116":1,"117":1,"118":1,"120":1,"121":1,"122":1},"branchMap":{"0":{"type":"branch","line":35,"loc":{"start":{"line":35,"column":20},"end":{"line":45,"column":2}},"locations":[{"start":{"line":35,"column":20},"end":{"line":45,"column":2}}]},"1":{"type":"branch","line":47,"loc":{"start":{"line":47,"column":17},"end":{"line":80,"column":2}},"locations":[{"start":{"line":47,"column":17},"end":{"line":80,"column":2}}]},"2":{"type":"branch","line":49,"loc":{"start":{"line":49,"column":18},"end":{"line":49,"column":53}},"locations":[{"start":{"line":49,"column":18},"end":{"line":49,"column":53}}]},"3":{"type":"branch","line":49,"loc":{"start":{"line":49,"column":44},"end":{"line":49,"column":75}},"locations":[{"start":{"line":49,"column":44},"end":{"line":49,"column":75}}]},"4":{"type":"branch","line":49,"loc":{"start":{"line":49,"column":66},"end":{"line":49,"column":92}},"locations":[{"start":{"line":49,"column":66},"end":{"line":49,"column":92}}]},"5":{"type":"branch","line":49,"loc":{"start":{"line":49,"column":92},"end":{"line":53,"column":5}},"locations":[{"start":{"line":49,"column":92},"end":{"line":53,"column":5}}]},"6":{"type":"branch","line":53,"loc":{"start":{"line":53,"column":4},"end":{"line":62,"column":31}},"locations":[{"start":{"line":53,"column":4},"end":{"line":62,"column":31}}]},"7":{"type":"branch","line":62,"loc":{"start":{"line":62,"column":20},"end":{"line":62,"column":53}},"locations":[{"start":{"line":62,"column":20},"end":{"line":62,"column":53}}]},"8":{"type":"branch","line":62,"loc":{"start":{"line":62,"column":53},"end":{"line":66,"column":5}},"locations":[{"start":{"line":62,"column":53},"end":{"line":66,"column":5}}]},"9":{"type":"branch","line":66,"loc":{"start":{"line":66,"column":4},"end":{"line":71,"column":33}},"locations":[{"start":{"line":66,"column":4},"end":{"line":71,"column":33}}]},"10":{"type":"branch","line":71,"loc":{"start":{"line":71,"column":33},"end":{"line":73,"column":5}},"locations":[{"start":{"line":71,"column":33},"end":{"line":73,"column":5}}]},"11":{"type":"branch","line":74,"loc":{"start":{"line":74,"column":2},"end":{"line":77,"column":3}},"locations":[{"start":{"line":74,"column":2},"end":{"line":77,"column":3}}]},"12":{"type":"branch","line":77,"loc":{"start":{"line":77,"column":2},"end":{"line":79,"column":16}},"locations":[{"start":{"line":77,"column":2},"end":{"line":79,"column":16}}]},"13":{"type":"branch","line":82,"loc":{"start":{"line":82,"column":31},"end":{"line":91,"column":2}},"locations":[{"start":{"line":82,"column":31},"end":{"line":91,"column":2}}]},"14":{"type":"branch","line":86,"loc":{"start":{"line":86,"column":31},"end":{"line":89,"column":3}},"locations":[{"start":{"line":86,"column":31},"end":{"line":89,"column":3}}]},"15":{"type":"branch","line":98,"loc":{"start":{"line":98,"column":6},"end":{"line":98,"column":53}},"locations":[{"start":{"line":98,"column":6},"end":{"line":98,"column":53}}]},"16":{"type":"branch","line":102,"loc":{"start":{"line":102,"column":20},"end":{"line":102,"column":54}},"locations":[{"start":{"line":102,"column":20},"end":{"line":102,"column":54}}]},"17":{"type":"branch","line":102,"loc":{"start":{"line":102,"column":124},"end":{"line":102,"column":168}},"locations":[{"start":{"line":102,"column":124},"end":{"line":102,"column":168}}]},"18":{"type":"branch","line":102,"loc":{"start":{"line":102,"column":172},"end":{"line":102,"column":227}},"locations":[{"start":{"line":102,"column":172},"end":{"line":102,"column":227}}]},"19":{"type":"branch","line":109,"loc":{"start":{"line":109,"column":51},"end":{"line":110,"column":46}},"locations":[{"start":{"line":109,"column":51},"end":{"line":110,"column":46}}]},"20":{"type":"branch","line":111,"loc":{"start":{"line":111,"column":20},"end":{"line":111,"column":46}},"locations":[{"start":{"line":111,"column":20},"end":{"line":111,"column":46}}]},"21":{"type":"branch","line":112,"loc":{"start":{"line":112,"column":8},"end":{"line":112,"column":53}},"locations":[{"start":{"line":112,"column":8},"end":{"line":112,"column":53}}]},"22":{"type":"branch","line":113,"loc":{"start":{"line":113,"column":20},"end":{"line":113,"column":60}},"locations":[{"start":{"line":113,"column":20},"end":{"line":113,"column":60}}]},"23":{"type":"branch","line":114,"loc":{"start":{"line":114,"column":8},"end":{"line":114,"column":49}},"locations":[{"start":{"line":114,"column":8},"end":{"line":114,"column":49}}]},"24":{"type":"branch","line":115,"loc":{"start":{"line":115,"column":20},"end":{"line":115,"column":52}},"locations":[{"start":{"line":115,"column":20},"end":{"line":115,"column":52}}]},"25":{"type":"branch","line":116,"loc":{"start":{"line":116,"column":8},"end":{"line":116,"column":46}},"locations":[{"start":{"line":116,"column":8},"end":{"line":116,"column":46}}]},"26":{"type":"branch","line":117,"loc":{"start":{"line":117,"column":20},"end":{"line":117,"column":46}},"locations":[{"start":{"line":117,"column":20},"end":{"line":117,"column":46}}]},"27":{"type":"branch","line":121,"loc":{"start":{"line":121,"column":17},"end":{"line":121,"column":67}},"locations":[{"start":{"line":121,"column":17},"end":{"line":121,"column":67}}]},"28":{"type":"branch","line":121,"loc":{"start":{"line":121,"column":58},"end":{"line":121,"column":67}},"locations":[{"start":{"line":121,"column":58},"end":{"line":121,"column":67}}]},"29":{"type":"branch","line":118,"loc":{"start":{"line":118,"column":90},"end":{"line":118,"column":112}},"locations":[{"start":{"line":118,"column":90},"end":{"line":118,"column":112}}]}},"b":{"0":[3],"1":[5],"2":[3],"3":[3],"4":[3],"5":[2],"6":[3],"7":[2],"8":[1],"9":[2],"10":[1],"11":[0],"12":[2],"13":[1],"14":[0],"15":[13],"16":[13],"17":[13],"18":[13],"19":[13],"20":[13],"21":[13],"22":[13],"23":[13],"24":[13],"25":[13],"26":[13],"27":[3],"28":[20],"29":[13]},"fnMap":{"0":{"name":"handleClose","decl":{"start":{"line":35,"column":20},"end":{"line":45,"column":2}},"loc":{"start":{"line":35,"column":20},"end":{"line":45,"column":2}},"line":35},"1":{"name":"saveBeer","decl":{"start":{"line":47,"column":17},"end":{"line":80,"column":2}},"loc":{"start":{"line":47,"column":17},"end":{"line":80,"column":2}},"line":47},"2":{"name":"addExistingBeerToEvent","decl":{"start":{"line":82,"column":31},"end":{"line":91,"column":2}},"loc":{"start":{"line":82,"column":31},"end":{"line":91,"column":2}},"line":82},"3":{"name":"onUpdate:modelValue._cache.<computed>._cache.<computed>","decl":{"start":{"line":102,"column":20},"end":{"line":102,"column":54}},"loc":{"start":{"line":102,"column":20},"end":{"line":102,"column":54}},"line":102},"4":{"name":"onFocus._cache.<computed>._cache.<computed>","decl":{"start":{"line":102,"column":124},"end":{"line":102,"column":168}},"loc":{"start":{"line":102,"column":124},"end":{"line":102,"column":168}},"line":102},"5":{"name":"onBlur._cache.<computed>._cache.<computed>","decl":{"start":{"line":102,"column":172},"end":{"line":102,"column":227}},"loc":{"start":{"line":102,"column":172},"end":{"line":102,"column":227}},"line":102},"6":{"name":"onUpdate:modelValue._cache.<computed>._cache.<computed>","decl":{"start":{"line":111,"column":20},"end":{"line":111,"column":46}},"loc":{"start":{"line":111,"column":20},"end":{"line":111,"column":46}},"line":111},"7":{"name":"onUpdate:modelValue._cache.<computed>._cache.<computed>","decl":{"start":{"line":113,"column":20},"end":{"line":113,"column":60}},"loc":{"start":{"line":113,"column":20},"end":{"line":113,"column":60}},"line":113},"8":{"name":"onUpdate:modelValue._cache.<computed>._cache.<computed>","decl":{"start":{"line":115,"column":20},"end":{"line":115,"column":52}},"loc":{"start":{"line":115,"column":20},"end":{"line":115,"column":52}},"line":115},"9":{"name":"onUpdate:modelValue._cache.<computed>._cache.<computed>","decl":{"start":{"line":117,"column":20},"end":{"line":117,"column":46}},"loc":{"start":{"line":117,"column":20},"end":{"line":117,"column":46}},"line":117}},"f":{"0":3,"1":5,"2":1,"3":0,"4":0,"5":0,"6":0,"7":0,"8":0,"9":0}}
,"/Users/marcusnorman/Personal/pythonBeer/client/components/modals/addRatingModal.vue": {"path":"/Users/marcusnorman/Personal/pythonBeer/client/components/modals/addRatingModal.vue","all":false,"statementMap":{"1":{"start":{"line":2,"column":0},"end":{"line":2,"column":26}},"2":{"start":{"line":3,"column":0},"end":{"line":3,"column":61}},"4":{"start":{"line":5,"column":0},"end":{"line":5,"column":48}},"6":{"start":{"line":7,"column":0},"end":{"line":7,"column":44}},"7":{"start":{"line":8,"column":0},"end":{"line":8,"column":49}},"8":{"start":{"line":9,"column":0},"end":{"line":9,"column":25}},"9":{"start":{"line":10,"column":0},"end":{"line":10,"column":32}},"11":{"start":{"line":12,"column":0},"end":{"line":12,"column":43}},"12":{"start":{"line":13,"column":0},"end":{"line":13,"column":49}},"13":{"start":{"line":14,"column":0},"end":{"line":14,"column":54}},"14":{"start":{"line":15,"column":0},"end":{"line":15,"column":49}},"15":{"start":{"line":16,"column":0},"end":{"line":16,"column":50}},"16":{"start":{"line":17,"column":0},"end":{"line":17,"column":55}},"17":{"start":{"line":18,"column":0},"end":{"line":18,"column":42}},"19":{"start":{"line":20,"column":0},"end":{"line":20,"column":47}},"20":{"start":{"line":21,"column":0},"end":{"line":21,"column":12}},"21":{"start":{"line":22,"column":0},"end":{"line":22,"column":17}},"22":{"start":{"line":23,"column":0},"end":{"line":23,"column":12}},"23":{"start":{"line":24,"column":0},"end":{"line":24,"column":13}},"24":{"start":{"line":25,"column":0},"end":{"line":25,"column":17}},"25":{"start":{"line":26,"column":0},"end":{"line":26,"column":3}},"27":{"start":{"line":28,"column":0},"end":{"line":28,"column":23}},"28":{"start":{"line":29,"column":0},"end":{"line":29,"column":105}},"29":{"start":{"line":30,"column":0},"end":{"line":30,"column":36}},"30":{"start":{"line":31,"column":0},"end":{"line":31,"column":3}},"32":{"start":{"line":33,"column":0},"end":{"line":33,"column":51}},"33":{"start":{"line":34,"column":0},"end":{"line":34,"column":40}},"34":{"start":{"line":35,"column":0},"end":{"line":35,"column":43}},"35":{"start":{"line":36,"column":0},"end":{"line":36,"column":53}},"36":{"start":{"line":37,"column":0},"end":{"line":37,"column":43}},"37":{"start":{"line":38,"column":0},"end":{"line":38,"column":45}},"38":{"start":{"line":39,"column":0},"end":{"line":39,"column":49}},"39":{"start":{"line":40,"column":0},"end":{"line":40,"column":3}},"40":{"start":{"line":41,"column":0},"end":{"line":41,"column":24}},"42":{"start":{"line":43,"column":0},"end":{"line":43,"column":24}},"43":{"start":{"line":44,"column":0},"end":{"line":44,"column":126}},"44":{"start":{"line":45,"column":0},"end":{"line":45,"column":151}},"45":{"start":{"line":46,"column":0},"end":{"line":46,"column":126}},"46":{"start":{"line":47,"column":0},"end":{"line":47,"column":131}},"47":{"start":{"line":48,"column":0},"end":{"line":48,"column":156}},"48":{"start":{"line":49,"column":0},"end":{"line":49,"column":52}},"49":{"start":{"line":50,"column":0},"end":{"line":50,"column":1}},"51":{"start":{"line":52,"column":0},"end":{"line":52,"column":32}},"52":{"start":{"line":53,"column":0},"end":{"line":53,"column":20}},"53":{"start":{"line":54,"column":0},"end":{"line":54,"column":53}},"54":{"start":{"line":55,"column":0},"end":{"line":55,"column":11}},"55":{"start":{"line":56,"column":0},"end":{"line":56,"column":3}},"57":{"start":{"line":58,"column":0},"end":{"line":58,"column":58}},"58":{"start":{"line":59,"column":0},"end":{"line":59,"column":22}},"59":{"start":{"line":60,"column":0},"end":{"line":60,"column":27}},"60":{"start":{"line":61,"column":0},"end":{"line":61,"column":24}},"61":{"start":{"line":62,"column":0},"end":{"line":62,"column":34}},"62":{"start":{"line":63,"column":0},"end":{"line":63,"column":24}},"63":{"start":{"line":64,"column":0},"end":{"line":64,"column":26}},"64":{"start":{"line":65,"column":0},"end":{"line":65,"column":29}},"65":{"start":{"line":66,"column":0},"end":{"line":66,"column":5}},"67":{"start":{"line":68,"column":0},"end":{"line":68,"column":28}},"68":{"start":{"line":69,"column":0},"end":{"line":69,"column":41}},"69":{"start":{"line":70,"column":0},"end":{"line":70,"column":11}},"70":{"start":{"line":71,"column":0},"end":{"line":71,"column":10}},"71":{"start":{"line":72,"column":0},"end":{"line":72,"column":26}},"72":{"start":{"line":73,"column":0},"end":{"line":73,"column":18}},"73":{"start":{"line":74,"column":0},"end":{"line":74,"column":3}},"74":{"start":{"line":75,"column":0},"end":{"line":75,"column":2}},"76":{"start":{"line":77,"column":0},"end":{"line":77,"column":27}},"77":{"start":{"line":78,"column":0},"end":{"line":78,"column":16}},"78":{"start":{"line":79,"column":0},"end":{"line":79,"column":2}},"82":{"start":{"line":83,"column":0},"end":{"line":83,"column":90}},"83":{"start":{"line":84,"column":0},"end":{"line":84,"column":95}},"84":{"start":{"line":85,"column":0},"end":{"line":85,"column":84}},"85":{"start":{"line":86,"column":0},"end":{"line":86,"column":62}},"86":{"start":{"line":87,"column":0},"end":{"line":87,"column":24}},"87":{"start":{"line":88,"column":0},"end":{"line":88,"column":47}},"88":{"start":{"line":89,"column":0},"end":{"line":89,"column":125}},"89":{"start":{"line":90,"column":0},"end":{"line":90,"column":91}},"90":{"start":{"line":91,"column":0},"end":{"line":91,"column":52}},"91":{"start":{"line":92,"column":0},"end":{"line":92,"column":135}},"92":{"start":{"line":93,"column":0},"end":{"line":93,"column":101}},"93":{"start":{"line":94,"column":0},"end":{"line":94,"column":47}},"94":{"start":{"line":95,"column":0},"end":{"line":95,"column":125}},"95":{"start":{"line":96,"column":0},"end":{"line":96,"column":91}},"96":{"start":{"line":97,"column":0},"end":{"line":97,"column":48}},"97":{"start":{"line":98,"column":0},"end":{"line":98,"column":127}},"98":{"start":{"line":99,"column":0},"end":{"line":99,"column":93}},"99":{"start":{"line":100,"column":0},"end":{"line":100,"column":53}},"100":{"start":{"line":101,"column":0},"end":{"line":101,"column":137}},"101":{"start":{"line":102,"column":0},"end":{"line":102,"column":103}},"102":{"start":{"line":103,"column":0},"end":{"line":103,"column":12}},"103":{"start":{"line":104,"column":0},"end":{"line":104,"column":46}},"104":{"start":{"line":105,"column":0},"end":{"line":105,"column":88}},"105":{"start":{"line":106,"column":0},"end":{"line":106,"column":12}},"106":{"start":{"line":107,"column":0},"end":{"line":107,"column":53}},"107":{"start":{"line":108,"column":0},"end":{"line":108,"column":22}},"108":{"start":{"line":109,"column":0},"end":{"line":109,"column":12}},"109":{"start":{"line":110,"column":0},"end":{"line":110,"column":10}},"110":{"start":{"line":111,"column":0},"end":{"line":111,"column":8}}},"s":{"1":1,"2":1,"4":1,"6":1,"7":1,"8":1,"9":1,"11":1,"12":1,"13":1,"14":1,"15":1,"16":1,"17":1,"19":1,"20":1,"21":1,"22":1,"23":1,"24":1,"25":1,"27":1,"28":0,"29":0,"30":1,"32":1,"33":0,"34":0,"35":0,"36":0,"37":0,"38":0,"39":0,"40":1,"42":1,"43":1,"44":1,"45":1,"46":1,"47":1,"48":1,"49":1,"51":1,"52":1,"53":0,"54":0,"55":0,"57":1,"58":1,"59":1,"60":1,"61":1,"62":1,"63":1,"64":1,"65":1,"67":1,"68":0,"69":0,"70":1,"71":1,"72":1,"73":1,"74":1,"76":1,"77":1,"78":1,"82":1,"83":1,"84":1,"85":1,"86":1,"87":1,"88":1,"89":1,"90":1,"91":1,"92":1,"93":1,"94":1,"95":1,"96":1,"97":1,"98":1,"99":1,"100":1,"101":1,"102":1,"103":1,"104":1,"105":1,"106":1,"107":0,"108":1,"109":1,"110":1},"branchMap":{"0":{"type":"branch","line":43,"loc":{"start":{"line":43,"column":17},"end":{"line":50,"column":1}},"locations":[{"start":{"line":43,"column":17},"end":{"line":50,"column":1}}]},"1":{"type":"branch","line":44,"loc":{"start":{"line":44,"column":85},"end":{"line":44,"column":123}},"locations":[{"start":{"line":44,"column":85},"end":{"line":44,"column":123}}]},"2":{"type":"branch","line":45,"loc":{"start":{"line":45,"column":105},"end":{"line":45,"column":148}},"locations":[{"start":{"line":45,"column":105},"end":{"line":45,"column":148}}]},"3":{"type":"branch","line":46,"loc":{"start":{"line":46,"column":85},"end":{"line":46,"column":123}},"locations":[{"start":{"line":46,"column":85},"end":{"line":46,"column":123}}]},"4":{"type":"branch","line":47,"loc":{"start":{"line":47,"column":89},"end":{"line":47,"column":128}},"locations":[{"start":{"line":47,"column":89},"end":{"line":47,"column":128}}]},"5":{"type":"branch","line":48,"loc":{"start":{"line":48,"column":109},"end":{"line":48,"column":153}},"locations":[{"start":{"line":48,"column":109},"end":{"line":48,"column":153}}]},"6":{"type":"branch","line":49,"loc":{"start":{"line":49,"column":43},"end":{"line":49,"column":50}},"locations":[{"start":{"line":49,"column":43},"end":{"line":49,"column":50}}]},"7":{"type":"branch","line":52,"loc":{"start":{"line":52,"column":19},"end":{"line":75,"column":2}},"locations":[{"start":{"line":52,"column":19},"end":{"line":75,"column":2}}]},"8":{"type":"branch","line":53,"loc":{"start":{"line":53,"column":19},"end":{"line":56,"column":3}},"locations":[{"start":{"line":53,"column":19},"end":{"line":56,"column":3}}]},"9":{"type":"branch","line":68,"loc":{"start":{"line":68,"column":27},"end":{"line":71,"column":9}},"locations":[{"start":{"line":68,"column":27},"end":{"line":71,"column":9}}]},"10":{"type":"branch","line":77,"loc":{"start":{"line":77,"column":20},"end":{"line":79,"column":2}},"locations":[{"start":{"line":77,"column":20},"end":{"line":79,"column":2}}]},"11":{"type":"branch","line":90,"loc":{"start":{"line":90,"column":26},"end":{"line":90,"column":91}},"locations":[{"start":{"line":90,"column":26},"end":{"line":90,"column":91}}]},"12":{"type":"branch","line":91,"loc":{"start":{"line":91,"column":8},"end":{"line":91,"column":52}},"locations":[{"start":{"line":91,"column":8},"end":{"line":91,"column":52}}]},"13":{"type":"branch","line":93,"loc":{"start":{"line":93,"column":26},"end":{"line":93,"column":101}},"locations":[{"start":{"line":93,"column":26},"end":{"line":93,"column":101}}]},"14":{"type":"branch","line":94,"loc":{"start":{"line":94,"column":8},"end":{"line":94,"column":47}},"locations":[{"start":{"line":94,"column":8},"end":{"line":94,"column":47}}]},"15":{"type":"branch","line":96,"loc":{"start":{"line":96,"column":26},"end":{"line":96,"column":91}},"locations":[{"start":{"line":96,"column":26},"end":{"line":96,"column":91}}]},"16":{"type":"branch","line":97,"loc":{"start":{"line":97,"column":8},"end":{"line":97,"column":48}},"locations":[{"start":{"line":97,"column":8},"end":{"line":97,"column":48}}]},"17":{"type":"branch","line":99,"loc":{"start":{"line":99,"column":26},"end":{"line":99,"column":93}},"locations":[{"start":{"line":99,"column":26},"end":{"line":99,"column":93}}]},"18":{"type":"branch","line":100,"loc":{"start":{"line":100,"column":8},"end":{"line":100,"column":53}},"locations":[{"start":{"line":100,"column":8},"end":{"line":100,"column":53}}]},"19":{"type":"branch","line":102,"loc":{"start":{"line":102,"column":26},"end":{"line":102,"column":103}},"locations":[{"start":{"line":102,"column":26},"end":{"line":102,"column":103}}]},"20":{"type":"branch","line":107,"loc":{"start":{"line":107,"column":17},"end":{"line":108,"column":22}},"locations":[{"start":{"line":107,"column":17},"end":{"line":108,"column":22}}]},"21":{"type":"branch","line":105,"loc":{"start":{"line":105,"column":75},"end":{"line":105,"column":88}},"locations":[{"start":{"line":105,"column":75},"end":{"line":105,"column":88}}]}},"b":{"0":[1],"1":[0],"2":[0],"3":[0],"4":[0],"5":[0],"6":[5],"7":[1],"8":[0],"9":[0],"10":[1],"11":[0],"12":[4],"13":[0],"14":[4],"15":[0],"16":[4],"17":[0],"18":[4],"19":[0],"20":[0],"21":[4]},"fnMap":{"0":{"name":"watch.immediate","decl":{"start":{"line":33,"column":17},"end":{"line":41,"column":3}},"loc":{"start":{"line":33,"column":17},"end":{"line":41,"column":3}},"line":33},"1":{"name":"validate","decl":{"start":{"line":43,"column":17},"end":{"line":50,"column":1}},"loc":{"start":{"line":43,"column":17},"end":{"line":50,"column":1}},"line":43},"2":{"name":"handleSave","decl":{"start":{"line":52,"column":19},"end":{"line":75,"column":2}},"loc":{"start":{"line":52,"column":19},"end":{"line":75,"column":2}},"line":52},"3":{"name":"handleClose","decl":{"start":{"line":77,"column":20},"end":{"line":79,"column":2}},"loc":{"start":{"line":77,"column":20},"end":{"line":79,"column":2}},"line":77}},"f":{"0":0,"1":1,"2":1,"3":1}}
,"/Users/marcusnorman/Personal/pythonBeer/client/components/modals/editBeerModal.vue": {"path":"/Users/marcusnorman/Personal/pythonBeer/client/components/modals/editBeerModal.vue","all":true,"statementMap":{"1":{"start":{"line":2,"column":0},"end":{"line":2,"column":26}},"2":{"start":{"line":3,"column":0},"end":{"line":3,"column":28}},"4":{"start":{"line":5,"column":0},"end":{"line":5,"column":61}},"5":{"start":{"line":6,"column":0},"end":{"line":6,"column":48}},"7":{"start":{"line":8,"column":0},"end":{"line":8,"column":43}},"8":{"start":{"line":9,"column":0},"end":{"line":9,"column":25}},"9":{"start":{"line":10,"column":0},"end":{"line":10,"column":39}},"10":{"start":{"line":11,"column":0},"end":{"line":11,"column":51}},"12":{"start":{"line":13,"column":0},"end":{"line":13,"column":33}},"13":{"start":{"line":14,"column":0},"end":{"line":14,"column":40}},"14":{"start":{"line":15,"column":0},"end":{"line":15,"column":36}},"15":{"start":{"line":16,"column":0},"end":{"line":16,"column":33}},"17":{"start":{"line":18,"column":0},"end":{"line":18,"column":39}},"19":{"start":{"line":20,"column":0},"end":{"line":20,"column":27}},"20":{"start":{"line":21,"column":0},"end":{"line":21,"column":16}},"21":{"start":{"line":22,"column":0},"end":{"line":22,"column":22}},"22":{"start":{"line":23,"column":0},"end":{"line":23,"column":29}},"23":{"start":{"line":24,"column":0},"end":{"line":24,"column":25}},"24":{"start":{"line":25,"column":0},"end":{"line":25,"column":22}},"25":{"start":{"line":26,"column":0},"end":{"line":26,"column":2}},"27":{"start":{"line":28,"column":0},"end":{"line":28,"column":17}},"28":{"start":{"line":29,"column":0},"end":{"line":29,"column":19}},"29":{"start":{"line":30,"column":0},"end":{"line":30,"column":37}},"30":{"start":{"line":31,"column":0},"end":{"line":31,"column":51}},"31":{"start":{"line":32,"column":0},"end":{"line":32,"column":43}},"32":{"start":{"line":33,"column":0},"end":{"line":33,"column":37}},"33":{"start":{"line":34,"column":0},"end":{"line":34,"column":3}},"34":{"start":{"line":35,"column":0},"end":{"line":35,"column":3}},"36":{"start":{"line":37,"column":0},"end":{"line":37,"column":26}},"37":{"start":{"line":38,"column":0},"end":{"line":38,"column":25}},"38":{"start":{"line":39,"column":0},"end":{"line":39,"column":22}},"39":{"start":{"line":40,"column":0},"end":{"line":40,"column":25}},"40":{"start":{"line":41,"column":0},"end":{"line":41,"column":39}},"41":{"start":{"line":42,"column":0},"end":{"line":42,"column":31}},"42":{"start":{"line":43,"column":0},"end":{"line":43,"column":24}},"43":{"start":{"line":44,"column":0},"end":{"line":44,"column":3}},"44":{"start":{"line":45,"column":0},"end":{"line":45,"column":63}},"46":{"start":{"line":47,"column":0},"end":{"line":47,"column":26}},"48":{"start":{"line":49,"column":0},"end":{"line":49,"column":28}},"49":{"start":{"line":50,"column":0},"end":{"line":50,"column":35}},"50":{"start":{"line":51,"column":0},"end":{"line":51,"column":10}},"51":{"start":{"line":52,"column":0},"end":{"line":52,"column":3}},"52":{"start":{"line":53,"column":0},"end":{"line":53,"column":16}},"53":{"start":{"line":54,"column":0},"end":{"line":54,"column":1}},"55":{"start":{"line":56,"column":0},"end":{"line":56,"column":41}},"56":{"start":{"line":57,"column":0},"end":{"line":57,"column":96}},"58":{"start":{"line":59,"column":0},"end":{"line":59,"column":29}},"59":{"start":{"line":60,"column":0},"end":{"line":60,"column":44}},"60":{"start":{"line":61,"column":0},"end":{"line":61,"column":11}},"61":{"start":{"line":62,"column":0},"end":{"line":62,"column":3}},"62":{"start":{"line":63,"column":0},"end":{"line":63,"column":16}},"63":{"start":{"line":64,"column":0},"end":{"line":64,"column":1}},"68":{"start":{"line":69,"column":0},"end":{"line":69,"column":90}},"69":{"start":{"line":70,"column":0},"end":{"line":70,"column":95}},"70":{"start":{"line":71,"column":0},"end":{"line":71,"column":92}},"71":{"start":{"line":72,"column":0},"end":{"line":72,"column":47}},"73":{"start":{"line":74,"column":0},"end":{"line":74,"column":44}},"74":{"start":{"line":75,"column":0},"end":{"line":75,"column":101}},"75":{"start":{"line":76,"column":0},"end":{"line":76,"column":51}},"76":{"start":{"line":77,"column":0},"end":{"line":77,"column":117}},"77":{"start":{"line":78,"column":0},"end":{"line":78,"column":47}},"78":{"start":{"line":79,"column":0},"end":{"line":79,"column":105}},"79":{"start":{"line":80,"column":0},"end":{"line":80,"column":44}},"80":{"start":{"line":81,"column":0},"end":{"line":81,"column":96}},"82":{"start":{"line":83,"column":0},"end":{"line":83,"column":92}},"83":{"start":{"line":84,"column":0},"end":{"line":84,"column":102}},"85":{"start":{"line":86,"column":0},"end":{"line":86,"column":67}},"86":{"start":{"line":87,"column":0},"end":{"line":87,"column":10}},"87":{"start":{"line":88,"column":0},"end":{"line":88,"column":8}}},"s":{"1":0,"2":0,"4":0,"5":0,"7":0,"8":0,"9":0,"10":0,"12":0,"13":0,"14":0,"15":0,"17":0,"19":0,"20":0,"21":0,"22":0,"23":0,"24":0,"25":0,"27":0,"28":0,"29":0,"30":0,"31":0,"32":0,"33":0,"34":0,"36":0,"37":0,"38":0,"39":0,"40":0,"41":0,"42":0,"43":0,"44":0,"46":0,"48":0,"49":0,"50":0,"51":0,"52":0,"53":0,"55":0,"56":0,"58":0,"59":0,"60":0,"61":0,"62":0,"63":0,"68":0,"69":0,"70":0,"71":0,"73":0,"74":0,"75":0,"76":0,"77":0,"78":0,"79":0,"80":0,"82":0,"83":0,"85":0,"86":0,"87":0},"branchMap":{"0":{"type":"branch","line":1,"loc":{"start":{"line":1,"column":2874},"end":{"line":89,"column":11}},"locations":[{"start":{"line":1,"column":2874},"end":{"line":89,"column":11}}]}},"b":{"0":[1]},"fnMap":{"0":{"name":"(empty-report)","decl":{"start":{"line":1,"column":2874},"end":{"line":89,"column":11}},"loc":{"start":{"line":1,"column":2874},"end":{"line":89,"column":11}},"line":1}},"f":{"0":1}}
,"/Users/marcusnorman/Personal/pythonBeer/client/components/modals/editEventModal.vue": {"path":"/Users/marcusnorman/Personal/pythonBeer/client/components/modals/editEventModal.vue","all":true,"statementMap":{"1":{"start":{"line":2,"column":0},"end":{"line":2,"column":48}},"2":{"start":{"line":3,"column":0},"end":{"line":3,"column":61}},"3":{"start":{"line":4,"column":0},"end":{"line":4,"column":49}},"5":{"start":{"line":6,"column":0},"end":{"line":6,"column":25}},"6":{"start":{"line":7,"column":0},"end":{"line":7,"column":39}},"7":{"start":{"line":8,"column":0},"end":{"line":8,"column":68}},"8":{"start":{"line":9,"column":0},"end":{"line":9,"column":27}},"10":{"start":{"line":11,"column":0},"end":{"line":11,"column":34}},"11":{"start":{"line":12,"column":0},"end":{"line":12,"column":41}},"12":{"start":{"line":13,"column":0},"end":{"line":13,"column":30}},"14":{"start":{"line":15,"column":0},"end":{"line":15,"column":27}},"15":{"start":{"line":16,"column":0},"end":{"line":16,"column":16}},"16":{"start":{"line":17,"column":0},"end":{"line":17,"column":23}},"17":{"start":{"line":18,"column":0},"end":{"line":18,"column":30}},"18":{"start":{"line":19,"column":0},"end":{"line":19,"column":2}},"20":{"start":{"line":21,"column":0},"end":{"line":21,"column":33}},"21":{"start":{"line":22,"column":0},"end":{"line":22,"column":132}},"23":{"start":{"line":24,"column":0},"end":{"line":24,"column":29}},"24":{"start":{"line":25,"column":0},"end":{"line":25,"column":36}},"25":{"start":{"line":26,"column":0},"end":{"line":26,"column":11}},"26":{"start":{"line":27,"column":0},"end":{"line":27,"column":3}},"27":{"start":{"line":28,"column":0},"end":{"line":28,"column":27}},"28":{"start":{"line":29,"column":0},"end":{"line":29,"column":2}},"30":{"start":{"line":31,"column":0},"end":{"line":31,"column":33}},"31":{"start":{"line":32,"column":0},"end":{"line":32,"column":68}},"33":{"start":{"line":34,"column":0},"end":{"line":34,"column":28}},"34":{"start":{"line":35,"column":0},"end":{"line":35,"column":18}},"35":{"start":{"line":36,"column":0},"end":{"line":36,"column":27}},"36":{"start":{"line":37,"column":0},"end":{"line":37,"column":10}},"37":{"start":{"line":38,"column":0},"end":{"line":38,"column":64}},"38":{"start":{"line":39,"column":0},"end":{"line":39,"column":3}},"39":{"start":{"line":40,"column":0},"end":{"line":40,"column":2}},"43":{"start":{"line":44,"column":0},"end":{"line":44,"column":90}},"44":{"start":{"line":45,"column":0},"end":{"line":45,"column":95}},"45":{"start":{"line":46,"column":0},"end":{"line":46,"column":92}},"46":{"start":{"line":47,"column":0},"end":{"line":47,"column":46}},"48":{"start":{"line":49,"column":0},"end":{"line":49,"column":11}},"49":{"start":{"line":50,"column":0},"end":{"line":50,"column":64}},"50":{"start":{"line":51,"column":0},"end":{"line":51,"column":46}},"51":{"start":{"line":52,"column":0},"end":{"line":52,"column":105}},"52":{"start":{"line":53,"column":0},"end":{"line":53,"column":53}},"53":{"start":{"line":54,"column":0},"end":{"line":54,"column":120}},"54":{"start":{"line":55,"column":0},"end":{"line":55,"column":114}},"55":{"start":{"line":56,"column":0},"end":{"line":56,"column":12}},"57":{"start":{"line":58,"column":0},"end":{"line":58,"column":80}},"58":{"start":{"line":59,"column":0},"end":{"line":59,"column":67}},"59":{"start":{"line":60,"column":0},"end":{"line":60,"column":10}},"60":{"start":{"line":61,"column":0},"end":{"line":61,"column":8}}},"s":{"1":0,"2":0,"3":0,"5":0,"6":0,"7":0,"8":0,"10":0,"11":0,"12":0,"14":0,"15":0,"16":0,"17":0,"18":0,"20":0,"21":0,"23":0,"24":0,"25":0,"26":0,"27":0,"28":0,"30":0,"31":0,"33":0,"34":0,"35":0,"36":0,"37":0,"38":0,"39":0,"43":0,"44":0,"45":0,"46":0,"48":0,"49":0,"50":0,"51":0,"52":0,"53":0,"54":0,"55":0,"57":0,"58":0,"59":0,"60":0},"branchMap":{"0":{"type":"branch","line":1,"loc":{"start":{"line":1,"column":2182},"end":{"line":62,"column":11}},"locations":[{"start":{"line":1,"column":2182},"end":{"line":62,"column":11}}]}},"b":{"0":[1]},"fnMap":{"0":{"name":"(empty-report)","decl":{"start":{"line":1,"column":2182},"end":{"line":62,"column":11}},"loc":{"start":{"line":1,"column":2182},"end":{"line":62,"column":11}},"line":1}},"f":{"0":1}}
,"/Users/marcusnorman/Personal/pythonBeer/client/components/modals/viewRatingsModal.vue": {"path":"/Users/marcusnorman/Personal/pythonBeer/client/components/modals/viewRatingsModal.vue","all":false,"statementMap":{"1":{"start":{"line":2,"column":0},"end":{"line":2,"column":26}},"2":{"start":{"line":3,"column":0},"end":{"line":3,"column":61}},"4":{"start":{"line":5,"column":0},"end":{"line":5,"column":48}},"6":{"start":{"line":7,"column":0},"end":{"line":7,"column":44}},"7":{"start":{"line":8,"column":0},"end":{"line":8,"column":49}},"8":{"start":{"line":9,"column":0},"end":{"line":9,"column":25}},"9":{"start":{"line":10,"column":0},"end":{"line":10,"column":32}},"11":{"start":{"line":12,"column":0},"end":{"line":12,"column":123}},"13":{"start":{"line":14,"column":0},"end":{"line":14,"column":27}},"14":{"start":{"line":15,"column":0},"end":{"line":15,"column":16}},"15":{"start":{"line":16,"column":0},"end":{"line":16,"column":2}},"19":{"start":{"line":20,"column":0},"end":{"line":20,"column":90}},"20":{"start":{"line":21,"column":0},"end":{"line":21,"column":109}},"21":{"start":{"line":22,"column":0},"end":{"line":22,"column":84}},"22":{"start":{"line":23,"column":0},"end":{"line":23,"column":69}},"23":{"start":{"line":24,"column":0},"end":{"line":24,"column":63}},"24":{"start":{"line":25,"column":0},"end":{"line":25,"column":103}},"25":{"start":{"line":26,"column":0},"end":{"line":26,"column":116}},"26":{"start":{"line":27,"column":0},"end":{"line":27,"column":27}},"27":{"start":{"line":28,"column":0},"end":{"line":28,"column":78}},"28":{"start":{"line":29,"column":0},"end":{"line":29,"column":73}},"29":{"start":{"line":30,"column":0},"end":{"line":30,"column":46}},"30":{"start":{"line":31,"column":0},"end":{"line":31,"column":35}},"31":{"start":{"line":32,"column":0},"end":{"line":32,"column":18}},"32":{"start":{"line":33,"column":0},"end":{"line":33,"column":35}},"33":{"start":{"line":34,"column":0},"end":{"line":34,"column":47}},"34":{"start":{"line":35,"column":0},"end":{"line":35,"column":67}},"35":{"start":{"line":36,"column":0},"end":{"line":36,"column":77}},"36":{"start":{"line":37,"column":0},"end":{"line":37,"column":67}},"37":{"start":{"line":38,"column":0},"end":{"line":38,"column":69}},"38":{"start":{"line":39,"column":0},"end":{"line":39,"column":67}},"39":{"start":{"line":40,"column":0},"end":{"line":40,"column":20}},"40":{"start":{"line":41,"column":0},"end":{"line":41,"column":18}},"41":{"start":{"line":42,"column":0},"end":{"line":42,"column":16}},"42":{"start":{"line":43,"column":0},"end":{"line":43,"column":14}},"43":{"start":{"line":44,"column":0},"end":{"line":44,"column":12}},"44":{"start":{"line":45,"column":0},"end":{"line":45,"column":10}},"45":{"start":{"line":46,"column":0},"end":{"line":46,"column":8}}},"s":{"1":1,"2":1,"4":1,"6":1,"7":1,"8":1,"9":1,"11":1,"13":1,"14":1,"15":1,"19":1,"20":1,"21":1,"22":1,"23":1,"24":1,"25":1,"26":1,"27":1,"28":1,"29":1,"30":1,"31":1,"32":1,"33":1,"34":1,"35":1,"36":1,"37":1,"38":1,"39":1,"40":1,"41":1,"42":1,"43":1,"44":1,"45":1},"branchMap":{"0":{"type":"branch","line":12,"loc":{"start":{"line":12,"column":42},"end":{"line":12,"column":123}},"locations":[{"start":{"line":12,"column":42},"end":{"line":12,"column":123}}]},"1":{"type":"branch","line":14,"loc":{"start":{"line":14,"column":20},"end":{"line":16,"column":2}},"locations":[{"start":{"line":14,"column":20},"end":{"line":16,"column":2}}]},"2":{"type":"branch","line":24,"loc":{"start":{"line":24,"column":17},"end":{"line":24,"column":63}},"locations":[{"start":{"line":24,"column":17},"end":{"line":24,"column":63}}]},"3":{"type":"branch","line":25,"loc":{"start":{"line":25,"column":22},"end":{"line":25,"column":103}},"locations":[{"start":{"line":25,"column":22},"end":{"line":25,"column":103}}]},"4":{"type":"branch","line":26,"loc":{"start":{"line":26,"column":56},"end":{"line":26,"column":76}},"locations":[{"start":{"line":26,"column":56},"end":{"line":26,"column":76}}]},"5":{"type":"branch","line":26,"loc":{"start":{"line":26,"column":67},"end":{"line":26,"column":116}},"locations":[{"start":{"line":26,"column":67},"end":{"line":26,"column":116}}]}},"b":{"0":[6],"1":[1],"2":[1],"3":[1],"4":[1],"5":[3]},"fnMap":{"0":{"name":"handleClose","decl":{"start":{"line":14,"column":20},"end":{"line":16,"column":2}},"loc":{"start":{"line":14,"column":20},"end":{"line":16,"column":2}},"line":14}},"f":{"0":1}}
,"/Users/marcusnorman/Personal/pythonBeer/client/components/ui/Button.vue": {"path":"/Users/marcusnorman/Personal/pythonBeer/client/components/ui/Button.vue","all":false,"statementMap":{"1":{"start":{"line":2,"column":0},"end":{"line":2,"column":41}},"3":{"start":{"line":4,"column":0},"end":{"line":4,"column":29}},"26":{"start":{"line":27,"column":0},"end":{"line":27,"column":66}},"28":{"start":{"line":29,"column":0},"end":{"line":29,"column":84}},"30":{"start":{"line":31,"column":0},"end":{"line":31,"column":40}},"31":{"start":{"line":32,"column":0},"end":{"line":32,"column":13}},"32":{"start":{"line":33,"column":0},"end":{"line":33,"column":22}},"33":{"start":{"line":34,"column":0},"end":{"line":34,"column":35}},"34":{"start":{"line":35,"column":0},"end":{"line":35,"column":42}},"35":{"start":{"line":36,"column":0},"end":{"line":36,"column":51}},"36":{"start":{"line":37,"column":0},"end":{"line":37,"column":12}},"37":{"start":{"line":38,"column":0},"end":{"line":38,"column":48}},"38":{"start":{"line":39,"column":0},"end":{"line":39,"column":5}},"40":{"start":{"line":41,"column":0},"end":{"line":41,"column":62}},"41":{"start":{"line":42,"column":0},"end":{"line":42,"column":5}},"46":{"start":{"line":47,"column":0},"end":{"line":47,"column":9}},"47":{"start":{"line":48,"column":0},"end":{"line":48,"column":26}},"48":{"start":{"line":49,"column":0},"end":{"line":49,"column":16}},"50":{"start":{"line":51,"column":0},"end":{"line":51,"column":27}},"51":{"start":{"line":52,"column":0},"end":{"line":52,"column":88}},"53":{"start":{"line":54,"column":0},"end":{"line":54,"column":26}},"54":{"start":{"line":55,"column":0},"end":{"line":55,"column":14}},"55":{"start":{"line":56,"column":0},"end":{"line":56,"column":102}},"56":{"start":{"line":57,"column":0},"end":{"line":57,"column":15}},"58":{"start":{"line":59,"column":0},"end":{"line":59,"column":14}},"60":{"start":{"line":61,"column":0},"end":{"line":61,"column":11}}},"s":{"1":1,"3":1,"26":1,"28":1,"30":1,"31":52,"32":52,"33":23,"34":35,"35":21,"36":21,"37":8,"38":8,"40":52,"41":1,"46":1,"47":1,"48":1,"50":1,"51":23,"53":1,"54":4,"55":4,"56":4,"58":4,"60":1},"branchMap":{"0":{"type":"branch","line":31,"loc":{"start":{"line":31,"column":33},"end":{"line":42,"column":3}},"locations":[{"start":{"line":31,"column":33},"end":{"line":42,"column":3}}]},"1":{"type":"branch","line":33,"loc":{"start":{"line":33,"column":21},"end":{"line":39,"column":5}},"locations":[{"start":{"line":33,"column":21},"end":{"line":39,"column":5}}]},"2":{"type":"branch","line":33,"loc":{"start":{"line":33,"column":21},"end":{"line":35,"column":15}},"locations":[{"start":{"line":33,"column":21},"end":{"line":35,"column":15}}]},"3":{"type":"branch","line":35,"loc":{"start":{"line":35,"column":4},"end":{"line":39,"column":5}},"locations":[{"start":{"line":35,"column":4},"end":{"line":39,"column":5}}]},"4":{"type":"branch","line":35,"loc":{"start":{"line":35,"column":41},"end":{"line":39,"column":5}},"locations":[{"start":{"line":35,"column":41},"end":{"line":39,"column":5}}]},"5":{"type":"branch","line":37,"loc":{"start":{"line":37,"column":4},"end":{"line":39,"column":5}},"locations":[{"start":{"line":37,"column":4},"end":{"line":39,"column":5}}]},"6":{"type":"branch","line":51,"loc":{"start":{"line":51,"column":20},"end":{"line":52,"column":88}},"locations":[{"start":{"line":51,"column":20},"end":{"line":52,"column":88}}]},"7":{"type":"branch","line":54,"loc":{"start":{"line":54,"column":20},"end":{"line":59,"column":14}},"locations":[{"start":{"line":54,"column":20},"end":{"line":59,"column":14}}]},"8":{"type":"branch","line":59,"loc":{"start":{"line":59,"column":6},"end":{"line":59,"column":14}},"locations":[{"start":{"line":59,"column":6},"end":{"line":59,"column":14}}]}},"b":{"0":[52],"1":[35],"2":[23],"3":[29],"4":[21],"5":[8],"6":[23],"7":[4],"8":[48]},"fnMap":{},"f":{}}
,"/Users/marcusnorman/Personal/pythonBeer/client/composables/useAuth.ts": {"path":"/Users/marcusnorman/Personal/pythonBeer/client/composables/useAuth.ts","all":true,"statementMap":{"0":{"start":{"line":1,"column":0},"end":{"line":1,"column":37}},"2":{"start":{"line":3,"column":0},"end":{"line":3,"column":35}},"4":{"start":{"line":5,"column":0},"end":{"line":5,"column":27}},"5":{"start":{"line":6,"column":0},"end":{"line":6,"column":33}},"6":{"start":{"line":7,"column":0},"end":{"line":7,"column":25}},"7":{"start":{"line":8,"column":0},"end":{"line":8,"column":43}},"8":{"start":{"line":9,"column":0},"end":{"line":9,"column":5}},"9":{"start":{"line":10,"column":0},"end":{"line":10,"column":33}},"10":{"start":{"line":11,"column":0},"end":{"line":11,"column":3}},"11":{"start":{"line":12,"column":0},"end":{"line":12,"column":24}},"12":{"start":{"line":13,"column":0},"end":{"line":13,"column":25}},"13":{"start":{"line":14,"column":0},"end":{"line":14,"column":50}},"14":{"start":{"line":15,"column":0},"end":{"line":15,"column":38}},"15":{"start":{"line":16,"column":0},"end":{"line":16,"column":5}},"16":{"start":{"line":17,"column":0},"end":{"line":17,"column":3}},"17":{"start":{"line":18,"column":0},"end":{"line":18,"column":21}},"18":{"start":{"line":19,"column":0},"end":{"line":19,"column":25}},"19":{"start":{"line":20,"column":0},"end":{"line":20,"column":39}},"20":{"start":{"line":21,"column":0},"end":{"line":21,"column":5}},"21":{"start":{"line":22,"column":0},"end":{"line":22,"column":34}},"22":{"start":{"line":23,"column":0},"end":{"line":23,"column":3}},"24":{"start":{"line":25,"column":0},"end":{"line":25,"column":23}},"25":{"start":{"line":26,"column":0},"end":{"line":26,"column":21}},"26":{"start":{"line":27,"column":0},"end":{"line":27,"column":18}},"27":{"start":{"line":28,"column":0},"end":{"line":28,"column":7}},"28":{"start":{"line":29,"column":0},"end":{"line":29,"column":3}},"29":{"start":{"line":30,"column":0},"end":{"line":30,"column":55}},"30":{"start":{"line":31,"column":0},"end":{"line":31,"column":1}}},"s":{"0":0,"2":0,"4":0,"5":0,"6":0,"7":0,"8":0,"9":0,"10":0,"11":0,"12":0,"13":0,"14":0,"15":0,"16":0,"17":0,"18":0,"19":0,"20":0,"21":0,"22":0,"24":0,"25":0,"26":0,"27":0,"28":0,"29":0,"30":0},"branchMap":{"0":{"type":"branch","line":1,"loc":{"start":{"line":1,"column":716},"end":{"line":31,"column":1}},"locations":[{"start":{"line":1,"column":716},"end":{"line":31,"column":1}}]}},"b":{"0":[0]},"fnMap":{"0":{"name":"(empty-report)","decl":{"start":{"line":1,"column":716},"end":{"line":31,"column":1}},"loc":{"start":{"line":1,"column":716},"end":{"line":31,"column":1}},"line":1}},"f":{"0":0}}
,"/Users/marcusnorman/Personal/pythonBeer/client/layouts/default.vue": {"path":"/Users/marcusnorman/Personal/pythonBeer/client/layouts/default.vue","all":true,"statementMap":{"1":{"start":{"line":2,"column":0},"end":{"line":2,"column":48}},"2":{"start":{"line":3,"column":0},"end":{"line":3,"column":44}},"4":{"start":{"line":5,"column":0},"end":{"line":5,"column":30}},"5":{"start":{"line":6,"column":0},"end":{"line":6,"column":30}},"6":{"start":{"line":7,"column":0},"end":{"line":7,"column":34}},"8":{"start":{"line":9,"column":0},"end":{"line":9,"column":57}},"10":{"start":{"line":11,"column":0},"end":{"line":11,"column":17}},"11":{"start":{"line":12,"column":0},"end":{"line":12,"column":14}},"12":{"start":{"line":13,"column":0},"end":{"line":13,"column":43}},"13":{"start":{"line":14,"column":0},"end":{"line":14,"column":3}},"16":{"start":{"line":17,"column":0},"end":{"line":17,"column":42}},"17":{"start":{"line":18,"column":0},"end":{"line":18,"column":25}},"18":{"start":{"line":19,"column":0},"end":{"line":19,"column":3}},"20":{"start":{"line":21,"column":0},"end":{"line":21,"column":29}},"21":{"start":{"line":22,"column":0},"end":{"line":22,"column":47}},"22":{"start":{"line":23,"column":0},"end":{"line":23,"column":1}},"26":{"start":{"line":27,"column":0},"end":{"line":27,"column":64}},"27":{"start":{"line":28,"column":0},"end":{"line":28,"column":9}},"28":{"start":{"line":29,"column":0},"end":{"line":29,"column":70}},"29":{"start":{"line":30,"column":0},"end":{"line":30,"column":52}},"30":{"start":{"line":31,"column":0},"end":{"line":31,"column":35}},"31":{"start":{"line":32,"column":0},"end":{"line":32,"column":61}},"32":{"start":{"line":33,"column":0},"end":{"line":33,"column":12}},"33":{"start":{"line":34,"column":0},"end":{"line":34,"column":12}},"34":{"start":{"line":35,"column":0},"end":{"line":35,"column":27}},"35":{"start":{"line":36,"column":0},"end":{"line":36,"column":112}},"36":{"start":{"line":37,"column":0},"end":{"line":37,"column":70}},"37":{"start":{"line":38,"column":0},"end":{"line":38,"column":72}},"38":{"start":{"line":39,"column":0},"end":{"line":39,"column":86}},"39":{"start":{"line":40,"column":0},"end":{"line":40,"column":12}},"40":{"start":{"line":41,"column":0},"end":{"line":41,"column":19}},"41":{"start":{"line":42,"column":0},"end":{"line":42,"column":98}},"42":{"start":{"line":43,"column":0},"end":{"line":43,"column":70}},"43":{"start":{"line":44,"column":0},"end":{"line":44,"column":76}},"44":{"start":{"line":45,"column":0},"end":{"line":45,"column":14}},"45":{"start":{"line":46,"column":0},"end":{"line":46,"column":20}},"47":{"start":{"line":48,"column":0},"end":{"line":48,"column":31}},"48":{"start":{"line":49,"column":0},"end":{"line":49,"column":89}},"49":{"start":{"line":50,"column":0},"end":{"line":50,"column":72}},"50":{"start":{"line":51,"column":0},"end":{"line":51,"column":102}},"51":{"start":{"line":52,"column":0},"end":{"line":52,"column":94}},"52":{"start":{"line":53,"column":0},"end":{"line":53,"column":16}},"53":{"start":{"line":54,"column":0},"end":{"line":54,"column":17}},"54":{"start":{"line":55,"column":0},"end":{"line":55,"column":117}},"55":{"start":{"line":56,"column":0},"end":{"line":56,"column":122}},"56":{"start":{"line":57,"column":0},"end":{"line":57,"column":124}},"57":{"start":{"line":58,"column":0},"end":{"line":58,"column":134}},"58":{"start":{"line":59,"column":0},"end":{"line":59,"column":14}},"59":{"start":{"line":60,"column":0},"end":{"line":60,"column":12}},"61":{"start":{"line":62,"column":0},"end":{"line":62,"column":10}},"62":{"start":{"line":63,"column":0},"end":{"line":63,"column":11}},"63":{"start":{"line":64,"column":0},"end":{"line":64,"column":30}},"64":{"start":{"line":65,"column":0},"end":{"line":65,"column":12}},"65":{"start":{"line":66,"column":0},"end":{"line":66,"column":8}}},"s":{"1":0,"2":0,"4":0,"5":0,"6":0,"8":0,"10":0,"11":0,"12":0,"13":0,"16":0,"17":0,"18":0,"20":0,"21":0,"22":0,"26":0,"27":0,"28":0,"29":0,"30":0,"31":0,"32":0,"33":0,"34":0,"35":0,"36":0,"37":0,"38":0,"39":0,"40":0,"41":0,"42":0,"43":0,"44":0,"45":0,"47":0,"48":0,"49":0,"50":0,"51":0,"52":0,"53":0,"54":0,"55":0,"56":0,"57":0,"58":0,"59":0,"61":0,"62":0,"63":0,"64":0,"65":0},"branchMap":{"0":{"type":"branch","line":1,"loc":{"start":{"line":1,"column":2637},"end":{"line":67,"column":11}},"locations":[{"start":{"line":1,"column":2637},"end":{"line":67,"column":11}}]}},"b":{"0":[1]},"fnMap":{"0":{"name":"(empty-report)","decl":{"start":{"line":1,"column":2637},"end":{"line":67,"column":11}},"loc":{"start":{"line":1,"column":2637},"end":{"line":67,"column":11}},"line":1}},"f":{"0":1}}
,"/Users/marcusnorman/Personal/pythonBeer/client/middleware/auth.global.ts": {"path":"/Users/marcusnorman/Personal/pythonBeer/client/middleware/auth.global.ts","all":true,"statementMap":{"2":{"start":{"line":3,"column":0},"end":{"line":3,"column":106}},"3":{"start":{"line":4,"column":0},"end":{"line":4,"column":23}},"4":{"start":{"line":5,"column":0},"end":{"line":5,"column":48}},"5":{"start":{"line":6,"column":0},"end":{"line":6,"column":68}},"6":{"start":{"line":7,"column":0},"end":{"line":7,"column":34}},"7":{"start":{"line":8,"column":0},"end":{"line":8,"column":5}},"8":{"start":{"line":9,"column":0},"end":{"line":9,"column":3}},"9":{"start":{"line":10,"column":0},"end":{"line":10,"column":3}}},"s":{"2":0,"3":0,"4":0,"5":0,"6":0,"7":0,"8":0,"9":0},"branchMap":{"0":{"type":"branch","line":1,"loc":{"start":{"line":1,"column":357},"end":{"line":10,"column":3}},"locations":[{"start":{"line":1,"column":357},"end":{"line":10,"column":3}}]}},"b":{"0":[1]},"fnMap":{"0":{"name":"(empty-report)","decl":{"start":{"line":1,"column":357},"end":{"line":10,"column":3}},"loc":{"start":{"line":1,"column":357},"end":{"line":10,"column":3}},"line":1}},"f":{"0":1}}
,"/Users/marcusnorman/Personal/pythonBeer/client/pages/index.vue": {"path":"/Users/marcusnorman/Personal/pythonBeer/client/pages/index.vue","all":true,"statementMap":{"1":{"start":{"line":2,"column":0},"end":{"line":2,"column":39}},"2":{"start":{"line":3,"column":0},"end":{"line":3,"column":32}},"4":{"start":{"line":5,"column":0},"end":{"line":5,"column":27}},"6":{"start":{"line":7,"column":0},"end":{"line":7,"column":17}},"7":{"start":{"line":8,"column":0},"end":{"line":8,"column":25}},"8":{"start":{"line":9,"column":0},"end":{"line":9,"column":3}}},"s":{"1":0,"2":0,"4":0,"6":0,"7":0,"8":0},"branchMap":{"0":{"type":"branch","line":1,"loc":{"start":{"line":1,"column":185},"end":{"line":10,"column":9}},"locations":[{"start":{"line":1,"column":185},"end":{"line":10,"column":9}}]}},"b":{"0":[1]},"fnMap":{"0":{"name":"(empty-report)","decl":{"start":{"line":1,"column":185},"end":{"line":10,"column":9}},"loc":{"start":{"line":1,"column":185},"end":{"line":10,"column":9}},"line":1}},"f":{"0":1}}
,"/Users/marcusnorman/Personal/pythonBeer/client/pages/login.vue": {"path":"/Users/marcusnorman/Personal/pythonBeer/client/pages/login.vue","all":true,"statementMap":{"1":{"start":{"line":2,"column":0},"end":{"line":2,"column":26}},"2":{"start":{"line":3,"column":0},"end":{"line":3,"column":48}},"3":{"start":{"line":4,"column":0},"end":{"line":4,"column":39}},"4":{"start":{"line":5,"column":0},"end":{"line":5,"column":65}},"5":{"start":{"line":6,"column":0},"end":{"line":6,"column":48}},"7":{"start":{"line":8,"column":0},"end":{"line":8,"column":33}},"8":{"start":{"line":9,"column":0},"end":{"line":9,"column":33}},"9":{"start":{"line":10,"column":0},"end":{"line":10,"column":30}},"10":{"start":{"line":11,"column":0},"end":{"line":11,"column":28}},"11":{"start":{"line":12,"column":0},"end":{"line":12,"column":27}},"13":{"start":{"line":14,"column":0},"end":{"line":14,"column":33}},"14":{"start":{"line":15,"column":0},"end":{"line":15,"column":19}},"15":{"start":{"line":16,"column":0},"end":{"line":16,"column":7}},"16":{"start":{"line":17,"column":0},"end":{"line":17,"column":101}},"18":{"start":{"line":19,"column":0},"end":{"line":19,"column":23}},"19":{"start":{"line":20,"column":0},"end":{"line":20,"column":38}},"20":{"start":{"line":21,"column":0},"end":{"line":21,"column":5}},"21":{"start":{"line":22,"column":0},"end":{"line":22,"column":39}},"22":{"start":{"line":23,"column":0},"end":{"line":23,"column":21}},"23":{"start":{"line":24,"column":0},"end":{"line":24,"column":24}},"24":{"start":{"line":25,"column":0},"end":{"line":25,"column":23}},"25":{"start":{"line":26,"column":0},"end":{"line":26,"column":12}},"26":{"start":{"line":27,"column":0},"end":{"line":27,"column":42}},"27":{"start":{"line":28,"column":0},"end":{"line":28,"column":5}},"28":{"start":{"line":29,"column":0},"end":{"line":29,"column":15}},"29":{"start":{"line":30,"column":0},"end":{"line":30,"column":33}},"30":{"start":{"line":31,"column":0},"end":{"line":31,"column":3}},"31":{"start":{"line":32,"column":0},"end":{"line":32,"column":2}},"35":{"start":{"line":36,"column":0},"end":{"line":36,"column":73}},"36":{"start":{"line":37,"column":0},"end":{"line":37,"column":53}},"37":{"start":{"line":38,"column":0},"end":{"line":38,"column":54}},"38":{"start":{"line":39,"column":0},"end":{"line":39,"column":42}},"39":{"start":{"line":40,"column":0},"end":{"line":40,"column":26}},"40":{"start":{"line":41,"column":0},"end":{"line":41,"column":52}},"41":{"start":{"line":42,"column":0},"end":{"line":42,"column":87}},"42":{"start":{"line":43,"column":0},"end":{"line":43,"column":14}},"43":{"start":{"line":44,"column":0},"end":{"line":44,"column":26}},"44":{"start":{"line":45,"column":0},"end":{"line":45,"column":52}},"45":{"start":{"line":46,"column":0},"end":{"line":46,"column":103}},"46":{"start":{"line":47,"column":0},"end":{"line":47,"column":14}},"47":{"start":{"line":48,"column":0},"end":{"line":48,"column":69}},"48":{"start":{"line":49,"column":0},"end":{"line":49,"column":74}},"49":{"start":{"line":50,"column":0},"end":{"line":50,"column":13}},"50":{"start":{"line":51,"column":0},"end":{"line":51,"column":10}},"51":{"start":{"line":52,"column":0},"end":{"line":52,"column":8}}},"s":{"1":0,"2":0,"3":0,"4":0,"5":0,"7":0,"8":0,"9":0,"10":0,"11":0,"13":0,"14":0,"15":0,"16":0,"18":0,"19":0,"20":0,"21":0,"22":0,"23":0,"24":0,"25":0,"26":0,"27":0,"28":0,"29":0,"30":0,"31":0,"35":0,"36":0,"37":0,"38":0,"39":0,"40":0,"41":0,"42":0,"43":0,"44":0,"45":0,"46":0,"47":0,"48":0,"49":0,"50":0,"51":0},"branchMap":{"0":{"type":"branch","line":1,"loc":{"start":{"line":1,"column":1698},"end":{"line":53,"column":11}},"locations":[{"start":{"line":1,"column":1698},"end":{"line":53,"column":11}}]}},"b":{"0":[1]},"fnMap":{"0":{"name":"(empty-report)","decl":{"start":{"line":1,"column":1698},"end":{"line":53,"column":11}},"loc":{"start":{"line":1,"column":1698},"end":{"line":53,"column":11}},"line":1}},"f":{"0":1}}
,"/Users/marcusnorman/Personal/pythonBeer/client/pages/register.vue": {"path":"/Users/marcusnorman/Personal/pythonBeer/client/pages/register.vue","all":true,"statementMap":{"1":{"start":{"line":2,"column":0},"end":{"line":2,"column":26}},"2":{"start":{"line":3,"column":0},"end":{"line":3,"column":48}},"3":{"start":{"line":4,"column":0},"end":{"line":4,"column":39}},"4":{"start":{"line":5,"column":0},"end":{"line":5,"column":65}},"5":{"start":{"line":6,"column":0},"end":{"line":6,"column":48}},"7":{"start":{"line":8,"column":0},"end":{"line":8,"column":33}},"8":{"start":{"line":9,"column":0},"end":{"line":9,"column":33}},"9":{"start":{"line":10,"column":0},"end":{"line":10,"column":30}},"10":{"start":{"line":11,"column":0},"end":{"line":11,"column":32}},"11":{"start":{"line":12,"column":0},"end":{"line":12,"column":30}},"12":{"start":{"line":13,"column":0},"end":{"line":13,"column":28}},"13":{"start":{"line":14,"column":0},"end":{"line":14,"column":27}},"15":{"start":{"line":16,"column":0},"end":{"line":16,"column":36}},"16":{"start":{"line":17,"column":0},"end":{"line":17,"column":19}},"17":{"start":{"line":18,"column":0},"end":{"line":18,"column":7}},"18":{"start":{"line":19,"column":0},"end":{"line":19,"column":128}},"20":{"start":{"line":21,"column":0},"end":{"line":21,"column":23}},"21":{"start":{"line":22,"column":0},"end":{"line":22,"column":45}},"22":{"start":{"line":23,"column":0},"end":{"line":23,"column":5}},"24":{"start":{"line":25,"column":0},"end":{"line":25,"column":67}},"25":{"start":{"line":26,"column":0},"end":{"line":26,"column":15}},"26":{"start":{"line":27,"column":0},"end":{"line":27,"column":40}},"27":{"start":{"line":28,"column":0},"end":{"line":28,"column":3}},"28":{"start":{"line":29,"column":0},"end":{"line":29,"column":2}},"32":{"start":{"line":33,"column":0},"end":{"line":33,"column":73}},"33":{"start":{"line":34,"column":0},"end":{"line":34,"column":53}},"34":{"start":{"line":35,"column":0},"end":{"line":35,"column":57}},"35":{"start":{"line":36,"column":0},"end":{"line":36,"column":45}},"36":{"start":{"line":37,"column":0},"end":{"line":37,"column":26}},"37":{"start":{"line":38,"column":0},"end":{"line":38,"column":52}},"38":{"start":{"line":39,"column":0},"end":{"line":39,"column":87}},"39":{"start":{"line":40,"column":0},"end":{"line":40,"column":14}},"40":{"start":{"line":41,"column":0},"end":{"line":41,"column":26}},"41":{"start":{"line":42,"column":0},"end":{"line":42,"column":52}},"42":{"start":{"line":43,"column":0},"end":{"line":43,"column":103}},"43":{"start":{"line":44,"column":0},"end":{"line":44,"column":14}},"44":{"start":{"line":45,"column":0},"end":{"line":45,"column":26}},"45":{"start":{"line":46,"column":0},"end":{"line":46,"c
[...]
4":{"type":"branch","line":16,"loc":{"start":{"line":16,"column":72},"end":{"line":20,"column":5}},"locations":[{"start":{"line":16,"column":72},"end":{"line":20,"column":5}}]},"5":{"type":"branch","line":20,"loc":{"start":{"line":20,"column":4},"end":{"line":32,"column":17}},"locations":[{"start":{"line":20,"column":4},"end":{"line":32,"column":17}}]},"6":{"type":"branch","line":32,"loc":{"start":{"line":32,"column":17},"end":{"line":36,"column":54}},"locations":[{"start":{"line":32,"column":17},"end":{"line":36,"column":54}}]},"7":{"type":"branch","line":39,"loc":{"start":{"line":39,"column":2},"end":{"line":56,"column":4}},"locations":[{"start":{"line":39,"column":2},"end":{"line":56,"column":4}}]},"8":{"type":"branch","line":40,"loc":{"start":{"line":40,"column":9},"end":{"line":40,"column":29}},"locations":[{"start":{"line":40,"column":9},"end":{"line":40,"column":29}}]},"9":{"type":"branch","line":40,"loc":{"start":{"line":40,"column":29},"end":{"line":42,"column":5}},"locations":[{"start":{"line":40,"column":29},"end":{"line":42,"column":5}}]},"10":{"type":"branch","line":42,"loc":{"start":{"line":42,"column":4},"end":{"line":51,"column":17}},"locations":[{"start":{"line":42,"column":4},"end":{"line":51,"column":17}}]},"11":{"type":"branch","line":51,"loc":{"start":{"line":51,"column":17},"end":{"line":55,"column":29}},"locations":[{"start":{"line":51,"column":17},"end":{"line":55,"column":29}}]},"12":{"type":"branch","line":69,"loc":{"start":{"line":69,"column":2},"end":{"line":83,"column":4}},"locations":[{"start":{"line":69,"column":2},"end":{"line":83,"column":4}}]},"13":{"type":"branch","line":72,"loc":{"start":{"line":72,"column":33},"end":{"line":74,"column":5}},"locations":[{"start":{"line":72,"column":33},"end":{"line":74,"column":5}}]},"14":{"type":"branch","line":78,"loc":{"start":{"line":78,"column":22},"end":{"line":82,"column":54}},"locations":[{"start":{"line":78,"column":22},"end":{"line":82,"column":54}}]}},"b":{"0":[3],"1":[2],"2":[2],"3":[2],"4":[1],"5":[2],"6":[1],"7":[3],"8":[2],"9":[1],"10":[2],"11":[1],"12":[2],"13":[0],"14":[1]},"fnMap":{"0":{"name":"newBeer","decl":{"start":{"line":15,"column":2},"end":{"line":37,"column":4}},"loc":{"start":{"line":15,"column":2},"end":{"line":37,"column":4}},"line":15},"1":{"name":"addBeerToEvent","decl":{"start":{"line":39,"column":2},"end":{"line":56,"column":4}},"loc":{"start":{"line":39,"column":2},"end":{"line":56,"column":4}},"line":39},"2":{"name":"searchBeer","decl":{"start":{"line":58,"column":2},"end":{"line":67,"column":4}},"loc":{"start":{"line":58,"column":2},"end":{"line":67,"column":4}},"line":58},"3":{"name":"toplistBeersInEvent","decl":{"start":{"line":69,"column":2},"end":{"line":83,"column":4}},"loc":{"start":{"line":69,"column":2},"end":{"line":83,"column":4}},"line":69},"4":{"name":"toplist","decl":{"start":{"line":85,"column":2},"end":{"line":92,"column":4}},"loc":{"start":{"line":85,"column":2},"end":{"line":92,"column":4}},"line":85},"5":{"name":"updateBeer","decl":{"start":{"line":94,"column":2},"end":{"line":111,"column":4}},"loc":{"start":{"line":94,"column":2},"end":{"line":111,"column":4}},"line":94},"6":{"name":"deleteBeerFromEvent","decl":{"start":{"line":113,"column":2},"end":{"line":115,"column":3}},"loc":{"start":{"line":113,"column":2},"end":{"line":115,"column":3}},"line":113}},"f":{"0":3,"1":3,"2":0,"3":2,"4":0,"5":0,"6":0}}
,"/Users/marcusnorman/Personal/pythonBeer/client/services/BeerService/eventParticipants.ts": {"path":"/Users/marcusnorman/Personal/pythonBeer/client/services/BeerService/eventParticipants.ts","all":false,"statementMap":{"0":{"start":{"line":1,"column":0},"end":{"line":1,"column":34}},"7":{"start":{"line":8,"column":0},"end":{"line":8,"column":60}},"8":{"start":{"line":9,"column":0},"end":{"line":9,"column":97}},"9":{"start":{"line":10,"column":0},"end":{"line":10,"column":97}},"10":{"start":{"line":11,"column":0},"end":{"line":11,"column":36}},"11":{"start":{"line":12,"column":0},"end":{"line":12,"column":4}},"12":{"start":{"line":13,"column":0},"end":{"line":13,"column":122}},"14":{"start":{"line":15,"column":0},"end":{"line":15,"column":29}},"15":{"start":{"line":16,"column":0},"end":{"line":16,"column":3}},"16":{"start":{"line":17,"column":0},"end":{"line":17,"column":2}}},"s":{"0":1,"7":1,"8":1,"9":0,"10":0,"11":0,"12":1,"14":0,"15":0,"16":1},"branchMap":{},"b":{},"fnMap":{"0":{"name":"getEventParticipants","decl":{"start":{"line":9,"column":2},"end":{"line":12,"column":4}},"loc":{"start":{"line":9,"column":2},"end":{"line":12,"column":4}},"line":9},"1":{"name":"newParticipant","decl":{"start":{"line":13,"column":2},"end":{"line":16,"column":3}},"loc":{"start":{"line":13,"column":2},"end":{"line":16,"column":3}},"line":13}},"f":{"0":0,"1":0}}
,"/Users/marcusnorman/Personal/pythonBeer/client/services/BeerService/events.ts": {"path":"/Users/marcusnorman/Personal/pythonBeer/client/services/BeerService/events.ts","all":false,"statementMap":{"0":{"start":{"line":1,"column":0},"end":{"line":1,"column":34}},"9":{"start":{"line":10,"column":0},"end":{"line":10,"column":38}},"10":{"start":{"line":11,"column":0},"end":{"line":11,"column":134}},"11":{"start":{"line":12,"column":0},"end":{"line":12,"column":52}},"12":{"start":{"line":13,"column":0},"end":{"line":13,"column":66}},"13":{"start":{"line":14,"column":0},"end":{"line":14,"column":5}},"15":{"start":{"line":16,"column":0},"end":{"line":16,"column":54}},"16":{"start":{"line":17,"column":0},"end":{"line":17,"column":21}},"17":{"start":{"line":18,"column":0},"end":{"line":18,"column":16}},"18":{"start":{"line":19,"column":0},"end":{"line":19,"column":43}},"19":{"start":{"line":20,"column":0},"end":{"line":20,"column":66}},"20":{"start":{"line":21,"column":0},"end":{"line":21,"column":8}},"21":{"start":{"line":22,"column":0},"end":{"line":22,"column":38}},"22":{"start":{"line":23,"column":0},"end":{"line":23,"column":7}},"24":{"start":{"line":25,"column":0},"end":{"line":25,"column":34}},"26":{"start":{"line":27,"column":0},"end":{"line":27,"column":18}},"27":{"start":{"line":28,"column":0},"end":{"line":28,"column":51}},"28":{"start":{"line":29,"column":0},"end":{"line":29,"column":5}},"30":{"start":{"line":31,"column":0},"end":{"line":31,"column":45}},"31":{"start":{"line":32,"column":0},"end":{"line":32,"column":4}},"33":{"start":{"line":34,"column":0},"end":{"line":34,"column":91}},"34":{"start":{"line":35,"column":0},"end":{"line":35,"column":50}},"35":{"start":{"line":36,"column":0},"end":{"line":36,"column":20}},"36":{"start":{"line":37,"column":0},"end":{"line":37,"column":7}},"38":{"start":{"line":39,"column":0},"end":{"line":39,"column":29}},"39":{"start":{"line":40,"column":0},"end":{"line":40,"column":79}},"40":{"start":{"line":41,"column":0},"end":{"line":41,"column":5}},"42":{"start":{"line":43,"column":0},"end":{"line":43,"column":34}},"44":{"start":{"line":45,"column":0},"end":{"line":45,"column":18}},"45":{"start":{"line":46,"column":0},"end":{"line":46,"column":51}},"46":{"start":{"line":47,"column":0},"end":{"line":47,"column":5}},"48":{"start":{"line":49,"column":0},"end":{"line":49,"column":60}},"49":{"start":{"line":50,"column":0},"end":{"line":50,"column":4}},"51":{"start":{"line":52,"column":0},"end":{"line":52,"column":89}},"52":{"start":{"line":53,"column":0},"end":{"line":53,"column":84}},"53":{"start":{"line":54,"column":0},"end":{"line":54,"column":36}},"54":{"start":{"line":55,"column":0},"end":{"line":55,"column":4}},"56":{"start":{"line":57,"column":0},"end":{"line":57,"column":151}},"57":{"start":{"line":58,"column":0},"end":{"line":58,"column":52}},"58":{"start":{"line":59,"column":0},"end":{"line":59,"column":66}},"59":{"start":{"line":60,"column":0},"end":{"line":60,"column":5}},"61":{"start":{"line":62,"column":0},"end":{"line":62,"column":61}},"62":{"start":{"line":63,"column":0},"end":{"line":63,"column":20}},"63":{"start":{"line":64,"column":0},"end":{"line":64,"column":16}},"64":{"start":{"line":65,"column":0},"end":{"line":65,"column":43}},"65":{"start":{"line":66,"column":0},"end":{"line":66,"column":66}},"66":{"start":{"line":67,"column":0},"end":{"line":67,"column":8}},"67":{"start":{"line":68,"column":0},"end":{"line":68,"column":38}},"68":{"start":{"line":69,"column":0},"end":{"line":69,"column":7}},"70":{"start":{"line":71,"column":0},"end":{"line":71,"column":34}},"72":{"start":{"line":73,"column":0},"end":{"line":73,"column":18}},"73":{"start":{"line":74,"column":0},"end":{"line":74,"column":51}},"74":{"start":{"line":75,"column":0},"end":{"line":75,"column":5}},"75":{"start":{"line":76,"column":0},"end":{"line":76,"column":45}},"76":{"start":{"line":77,"column":0},"end":{"line":77,"column":4}},"78":{"start":{"line":79,"column":0},"end":{"line":79,"column":101}},"79":{"start":{"line":80,"column":0},"end":{"line":80,"column":61}},"80":{"start":{"line":81,"column":0},"end":{"line":81,"column":23}},"81":{"start":{"line":82,"column":0},"end":{"line":82,"column":16}},"82":{"start":{"line":83,"column":0},"end":{"line":83,"column":66}},"83":{"start":{"line":84,"column":0},"end":{"line":84,"column":7}},"84":{"start":{"line":85,"column":0},"end":{"line":85,"column":7}},"86":{"start":{"line":87,"column":0},"end":{"line":87,"column":34}},"88":{"start":{"line":89,"column":0},"end":{"line":89,"column":18}},"89":{"start":{"line":90,"column":0},"end":{"line":90,"column":51}},"90":{"start":{"line":91,"column":0},"end":{"line":91,"column":5}},"91":{"start":{"line":92,"column":0},"end":{"line":92,"column":54}},"92":{"start":{"line":93,"column":0},"end":{"line":93,"column":3}},"93":{"start":{"line":94,"column":0},"end":{"line":94,"column":2}}},"s":{"0":1,"9":1,"10":1,"11":3,"12":1,"13":1,"15":2,"16":2,"17":2,"18":2,"19":2,"20":2,"21":2,"22":2,"24":2,"26":3,"27":1,"28":1,"30":1,"31":3,"33":1,"34":0,"35":0,"36":0,"38":0,"39":0,"40":0,"42":0,"44":0,"45":0,"46":0,"48":0,"49":0,"51":1,"52":0,"53":0,"54":0,"56":1,"57":0,"58":0,"59":0,"61":0,"62":0,"63":0,"64":0,"65":0,"66":0,"67":0,"68":0,"70":0,"72":0,"73":0,"74":0,"75":0,"76":0,"78":1,"79":0,"80":0,"81":0,"82":0,"83":0,"84":0,"86":0,"88":0,"89":0,"90":0,"91":0,"92":0,"93":1},"branchMap":{"0":{"type":"branch","line":11,"loc":{"start":{"line":11,"column":2},"end":{"line":32,"column":4}},"locations":[{"start":{"line":11,"column":2},"end":{"line":32,"column":4}}]},"1":{"type":"branch","line":12,"loc":{"start":{"line":12,"column":19},"end":{"line":12,"column":51}},"locations":[{"start":{"line":12,"column":19},"end":{"line":12,"column":51}}]},"2":{"type":"branch","line":12,"loc":{"start":{"line":12,"column":51},"end":{"line":14,"column":5}},"locations":[{"start":{"line":12,"column":51},"end":{"line":14,"column":5}}]},"3":{"type":"branch","line":14,"loc":{"start":{"line":14,"column":4},"end":{"line":27,"column":17}},"locations":[{"start":{"line":14,"column":4},"end":{"line":27,"column":17}}]},"4":{"type":"branch","line":27,"loc":{"start":{"line":27,"column":17},"end":{"line":31,"column":45}},"locations":[{"start":{"line":27,"column":17},"end":{"line":31,"column":45}}]}},"b":{"0":[3],"1":[2],"2":[1],"3":[2],"4":[1]},"fnMap":{"0":{"name":"createEvent","decl":{"start":{"line":11,"column":2},"end":{"line":32,"column":4}},"loc":{"start":{"line":11,"column":2},"end":{"line":32,"column":4}},"line":11},"1":{"name":"getEvents","decl":{"start":{"line":34,"column":2},"end":{"line":50,"column":4}},"loc":{"start":{"line":34,"column":2},"end":{"line":50,"column":4}},"line":34},"2":{"name":"getEventById","decl":{"start":{"line":52,"column":2},"end":{"line":55,"column":4}},"loc":{"start":{"line":52,"column":2},"end":{"line":55,"column":4}},"line":52},"3":{"name":"updateEvent","decl":{"start":{"line":57,"column":2},"end":{"line":77,"column":4}},"loc":{"start":{"line":57,"column":2},"end":{"line":77,"column":4}},"line":57},"4":{"name":"deleteEvent","decl":{"start":{"line":79,"column":2},"end":{"line":93,"column":3}},"loc":{"start":{"line":79,"column":2},"end":{"line":93,"column":3}},"line":79}},"f":{"0":3,"1":0,"2":0,"3":0,"4":0}}
,"/Users/marcusnorman/Personal/pythonBeer/client/services/BeerService/ratings.ts": {"path":"/Users/marcusnorman/Personal/pythonBeer/client/services/BeerService/ratings.ts","all":false,"statementMap":{"0":{"start":{"line":1,"column":0},"end":{"line":1,"column":34}},"16":{"start":{"line":17,"column":0},"end":{"line":17,"column":40}},"17":{"start":{"line":18,"column":0},"end":{"line":18,"column":31}},"25":{"start":{"line":26,"column":0},"end":{"line":26,"column":71}},"26":{"start":{"line":27,"column":0},"end":{"line":27,"column":200}},"27":{"start":{"line":28,"column":0},"end":{"line":28,"column":66}},"28":{"start":{"line":29,"column":0},"end":{"line":29,"column":5}},"29":{"start":{"line":30,"column":0},"end":{"line":30,"column":55}},"30":{"start":{"line":31,"column":0},"end":{"line":31,"column":21}},"31":{"start":{"line":32,"column":0},"end":{"line":32,"column":39}},"32":{"start":{"line":33,"column":0},"end":{"line":33,"column":16}},"33":{"start":{"line":34,"column":0},"end":{"line":34,"column":67}},"34":{"start":{"line":35,"column":0},"end":{"line":35,"column":42}},"35":{"start":{"line":36,"column":0},"end":{"line":36,"column":7}},"36":{"start":{"line":37,"column":0},"end":{"line":37,"column":7}},"38":{"start":{"line":39,"column":0},"end":{"line":39,"column":18}},"39":{"start":{"line":40,"column":0},"end":{"line":40,"column":36}},"40":{"start":{"line":41,"column":0},"end":{"line":41,"column":51}},"41":{"start":{"line":42,"column":0},"end":{"line":42,"column":5}},"43":{"start":{"line":44,"column":0},"end":{"line":44,"column":69}},"44":{"start":{"line":45,"column":0},"end":{"line":45,"column":4}},"46":{"start":{"line":47,"column":0},"end":{"line":47,"column":115}},"47":{"start":{"line":48,"column":0},"end":{"line":48,"column":30}},"48":{"start":{"line":49,"column":0},"end":{"line":49,"column":76}},"49":{"start":{"line":50,"column":0},"end":{"line":50,"column":5}},"50":{"start":{"line":51,"column":0},"end":{"line":51,"column":99}},"51":{"start":{"line":52,"column":0},"end":{"line":52,"column":20}},"52":{"start":{"line":53,"column":0},"end":{"line":53,"column":16}},"53":{"start":{"line":54,"column":0},"end":{"line":54,"column":67}},"54":{"start":{"line":55,"column":0},"end":{"line":55,"column":42}},"55":{"start":{"line":56,"column":0},"end":{"line":56,"column":7}},"56":{"start":{"line":57,"column":0},"end":{"line":57,"column":7}},"57":{"start":{"line":58,"column":0},"end":{"line":58,"column":34}},"59":{"start":{"line":60,"column":0},"end":{"line":60,"column":18}},"60":{"start":{"line":61,"column":0},"end":{"line":61,"column":51}},"61":{"start":{"line":62,"column":0},"end":{"line":62,"column":5}},"63":{"start":{"line":64,"column":0},"end":{"line":64,"column":45}},"64":{"start":{"line":65,"column":0},"end":{"line":65,"column":4}},"66":{"start":{"line":67,"column":0},"end":{"line":67,"column":152}},"67":{"start":{"line":68,"column":0},"end":{"line":68,"column":30}},"68":{"start":{"line":69,"column":0},"end":{"line":69,"column":76}},"69":{"start":{"line":70,"column":0},"end":{"line":70,"column":5}},"70":{"start":{"line":71,"column":0},"end":{"line":71,"column":117}},"71":{"start":{"line":72,"column":0},"end":{"line":72,"column":20}},"72":{"start":{"line":73,"column":0},"end":{"line":73,"column":16}},"73":{"start":{"line":74,"column":0},"end":{"line":74,"column":66}},"74":{"start":{"line":75,"column":0},"end":{"line":75,"column":7}},"75":{"start":{"line":76,"column":0},"end":{"line":76,"column":7}},"76":{"start":{"line":77,"column":0},"end":{"line":77,"column":36}},"77":{"start":{"line":78,"column":0},"end":{"line":78,"column":3}},"78":{"start":{"line":79,"column":0},"end":{"line":79,"column":2}}},"s":{"0":1,"16":1,"17":1,"25":3,"26":3,"27":1,"28":1,"29":2,"30":2,"31":2,"32":2,"33":2,"34":2,"35":2,"36":2,"38":3,"39":1,"40":1,"41":1,"43":1,"44":3,"46":1,"47":3,"48":1,"49":1,"50":2,"51":2,"52":2,"53":2,"54":2,"55":2,"56":2,"57":2,"59":3,"60":1,"61":1,"63":1,"64":3,"66":1,"67":0,"68":0,"69":0,"70":0,"71":0,"72":0,"73":0,"74":0,"75":0,"76":0,"77":0,"78":1},"branchMap":{"0":{"type":"branch","line":18,"loc":{"start":{"line":18,"column":2},"end":{"line":45,"column":4}},"locations":[{"start":{"line":18,"column":2},"end":{"line":45,"column":4}}]},"1":{"type":"branch","line":27,"loc":{"start":{"line":27,"column":20},"end":{"line":27,"column":55}},"locations":[{"start":{"line":27,"column":20},"end":{"line":27,"column":55}}]},"2":{"type":"branch","line":27,"loc":{"start":{"line":27,"column":44},"end":{"line":27,"column":83}},"locations":[{"start":{"line":27,"column":44},"end":{"line":27,"column":83}}]},"3":{"type":"branch","line":27,"loc":{"start":{"line":27,"column":75},"end":{"line":27,"column":116}},"locations":[{"start":{"line":27,"column":75},"end":{"line":27,"column":116}}]},"4":{"type":"branch","line":27,"loc":{"start":{"line":27,"column":108},"end":{"line":27,"column":144}},"locations":[{"start":{"line":27,"column":108},"end":{"line":27,"column":144}}]},"5":{"type":"branch","line":27,"loc":{"start":{"line":27,"column":136},"end":{"line":27,"column":173}},"locations":[{"start":{"line":27,"column":136},"end":{"line":27,"column":173}}]},"6":{"type":"branch","line":27,"loc":{"start":{"line":27,"column":165},"end":{"line":27,"column":199}},"locations":[{"start":{"line":27,"column":165},"end":{"line":27,"column":199}}]},"7":{"type":"branch","line":27,"loc":{"start":{"line":27,"column":199},"end":{"line":29,"column":5}},"locations":[{"start":{"line":27,"column":199},"end":{"line":29,"column":5}}]},"8":{"type":"branch","line":29,"loc":{"start":{"line":29,"column":4},"end":{"line":39,"column":17}},"locations":[{"start":{"line":29,"column":4},"end":{"line":39,"column":17}}]},"9":{"type":"branch","line":39,"loc":{"start":{"line":39,"column":17},"end":{"line":44,"column":69}},"locations":[{"start":{"line":39,"column":17},"end":{"line":44,"column":69}}]},"10":{"type":"branch","line":47,"loc":{"start":{"line":47,"column":2},"end":{"line":65,"column":4}},"locations":[{"start":{"line":47,"column":2},"end":{"line":65,"column":4}}]},"11":{"type":"branch","line":48,"loc":{"start":{"line":48,"column":9},"end":{"line":48,"column":29}},"locations":[{"start":{"line":48,"column":9},"end":{"line":48,"column":29}}]},"12":{"type":"branch","line":48,"loc":{"start":{"line":48,"column":29},"end":{"line":50,"column":5}},"locations":[{"start":{"line":48,"column":29},"end":{"line":50,"column":5}}]},"13":{"type":"branch","line":50,"loc":{"start":{"line":50,"column":4},"end":{"line":60,"column":17}},"locations":[{"start":{"line":50,"column":4},"end":{"line":60,"column":17}}]},"14":{"type":"branch","line":60,"loc":{"start":{"line":60,"column":17},"end":{"line":64,"column":45}},"locations":[{"start":{"line":60,"column":17},"end":{"line":64,"column":45}}]}},"b":{"0":[3],"1":[2],"2":[2],"3":[2],"4":[2],"5":[2],"6":[2],"7":[1],"8":[2],"9":[1],"10":[3],"11":[2],"12":[1],"13":[2],"14":[1]},"fnMap":{"0":{"name":"addRating","decl":{"start":{"line":18,"column":2},"end":{"line":45,"column":4}},"loc":{"start":{"line":18,"column":2},"end":{"line":45,"column":4}},"line":18},"1":{"name":"getRating","decl":{"start":{"line":47,"column":2},"end":{"line":65,"column":4}},"loc":{"start":{"line":47,"column":2},"end":{"line":65,"column":4}},"line":47},"2":{"name":"getAllRatingsForBeer","decl":{"start":{"line":67,"column":2},"end":{"line":78,"column":3}},"loc":{"start":{"line":67,"column":2},"end":{"line":78,"column":3}},"line":67}},"f":{"0":3,"1":3,"2":0}}
,"/Users/marcusnorman/Personal/pythonBeer/client/types/types.ts": {"path":"/Users/marcusnorman/Personal/pythonBeer/client/types/types.ts","all":true,"statementMap":{},"s":{},"branchMap":{"0":{"type":"branch","line":1,"loc":{"start":{"line":1,"column":1319},"end":{"line":57,"column":90}},"locations":[{"start":{"line":1,"column":1319},"end":{"line":57,"column":90}}]}},"b":{"0":[1]},"fnMap":{"0":{"name":"(empty-report)","decl":{"start":{"line":1,"column":1319},"end":{"line":57,"column":90}},"loc":{"start":{"line":1,"column":1319},"end":{"line":57,"column":90}},"line":1}},"f":{"0":1}}
}
